INFO - 2024-12-16 10:47:06 --> Session: Class initialized using 'CodeIgniter\Session\Handlers\FileHandler' driver.
INFO - 2024-12-16 10:47:09 --> Session: Class initialized using 'CodeIgniter\Session\Handlers\FileHandler' driver.
INFO - 2024-12-16 10:47:39 --> Session: Class initialized using 'CodeIgniter\Session\Handlers\FileHandler' driver.
INFO - 2024-12-16 10:47:40 --> Session: Class initialized using 'CodeIgniter\Session\Handlers\FileHandler' driver.
INFO - 2024-12-16 10:47:41 --> Session: Class initialized using 'CodeIgniter\Session\Handlers\FileHandler' driver.
INFO - 2024-12-16 10:47:41 --> Session: Class initialized using 'CodeIgniter\Session\Handlers\FileHandler' driver.
INFO - 2024-12-16 10:47:44 --> Session: Class initialized using 'CodeIgniter\Session\Handlers\FileHandler' driver.
INFO - 2024-12-16 10:47:44 --> Session: Class initialized using 'CodeIgniter\Session\Handlers\FileHandler' driver.
INFO - 2024-12-16 10:47:44 --> Session: Class initialized using 'CodeIgniter\Session\Handlers\FileHandler' driver.
INFO - 2024-12-16 10:47:47 --> Session: Class initialized using 'CodeIgniter\Session\Handlers\FileHandler' driver.
INFO - 2024-12-16 10:47:47 --> Session: Class initialized using 'CodeIgniter\Session\Handlers\FileHandler' driver.
INFO - 2024-12-16 10:47:47 --> Session: Class initialized using 'CodeIgniter\Session\Handlers\FileHandler' driver.
INFO - 2024-12-16 10:48:23 --> Session: Class initialized using 'CodeIgniter\Session\Handlers\FileHandler' driver.
INFO - 2024-12-16 10:48:23 --> Session: Class initialized using 'CodeIgniter\Session\Handlers\FileHandler' driver.
INFO - 2024-12-16 10:48:24 --> Session: Class initialized using 'CodeIgniter\Session\Handlers\FileHandler' driver.
INFO - 2024-12-16 10:48:28 --> Session: Class initialized using 'CodeIgniter\Session\Handlers\FileHandler' driver.
INFO - 2024-12-16 10:48:29 --> Session: Class initialized using 'CodeIgniter\Session\Handlers\FileHandler' driver.
INFO - 2024-12-16 10:48:29 --> Session: Class initialized using 'CodeIgniter\Session\Handlers\FileHandler' driver.
INFO - 2024-12-16 10:48:29 --> Session: Class initialized using 'CodeIgniter\Session\Handlers\FileHandler' driver.
INFO - 2024-12-16 10:48:31 --> Session: Class initialized using 'CodeIgniter\Session\Handlers\FileHandler' driver.
INFO - 2024-12-16 10:48:31 --> Session: Class initialized using 'CodeIgniter\Session\Handlers\FileHandler' driver.
INFO - 2024-12-16 10:48:31 --> Session: Class initialized using 'CodeIgniter\Session\Handlers\FileHandler' driver.
INFO - 2024-12-16 10:49:57 --> Session: Class initialized using 'CodeIgniter\Session\Handlers\FileHandler' driver.
INFO - 2024-12-16 10:49:58 --> Session: Class initialized using 'CodeIgniter\Session\Handlers\FileHandler' driver.
INFO - 2024-12-16 10:49:58 --> Session: Class initialized using 'CodeIgniter\Session\Handlers\FileHandler' driver.
INFO - 2024-12-16 11:00:16 --> Session: Class initialized using 'CodeIgniter\Session\Handlers\FileHandler' driver.
INFO - 2024-12-16 11:00:16 --> Session: Class initialized using 'CodeIgniter\Session\Handlers\FileHandler' driver.
INFO - 2024-12-16 11:00:16 --> Session: Class initialized using 'CodeIgniter\Session\Handlers\FileHandler' driver.
INFO - 2024-12-16 11:00:18 --> Session: Class initialized using 'CodeIgniter\Session\Handlers\FileHandler' driver.
INFO - 2024-12-16 11:00:19 --> Session: Class initialized using 'CodeIgniter\Session\Handlers\FileHandler' driver.
INFO - 2024-12-16 11:00:20 --> Session: Class initialized using 'CodeIgniter\Session\Handlers\FileHandler' driver.
INFO - 2024-12-16 11:00:22 --> Session: Class initialized using 'CodeIgniter\Session\Handlers\FileHandler' driver.
INFO - 2024-12-16 11:00:23 --> Session: Class initialized using 'CodeIgniter\Session\Handlers\FileHandler' driver.
INFO - 2024-12-16 11:00:23 --> Session: Class initialized using 'CodeIgniter\Session\Handlers\FileHandler' driver.
INFO - 2024-12-16 11:00:26 --> Session: Class initialized using 'CodeIgniter\Session\Handlers\FileHandler' driver.
INFO - 2024-12-16 11:00:27 --> Session: Class initialized using 'CodeIgniter\Session\Handlers\FileHandler' driver.
INFO - 2024-12-16 11:00:27 --> Session: Class initialized using 'CodeIgniter\Session\Handlers\FileHandler' driver.
INFO - 2024-12-16 11:02:33 --> Session: Class initialized using 'CodeIgniter\Session\Handlers\FileHandler' driver.
INFO - 2024-12-16 11:02:33 --> Session: Class initialized using 'CodeIgniter\Session\Handlers\FileHandler' driver.
INFO - 2024-12-16 11:02:33 --> Session: Class initialized using 'CodeIgniter\Session\Handlers\FileHandler' driver.
INFO - 2024-12-16 11:02:37 --> Session: Class initialized using 'CodeIgniter\Session\Handlers\FileHandler' driver.
INFO - 2024-12-16 11:02:37 --> Session: Class initialized using 'CodeIgniter\Session\Handlers\FileHandler' driver.
INFO - 2024-12-16 11:02:38 --> Session: Class initialized using 'CodeIgniter\Session\Handlers\FileHandler' driver.
INFO - 2024-12-16 11:05:49 --> Session: Class initialized using 'CodeIgniter\Session\Handlers\FileHandler' driver.
INFO - 2024-12-16 11:05:50 --> Session: Class initialized using 'CodeIgniter\Session\Handlers\FileHandler' driver.
INFO - 2024-12-16 11:05:50 --> Session: Class initialized using 'CodeIgniter\Session\Handlers\FileHandler' driver.
INFO - 2024-12-16 11:07:00 --> Session: Class initialized using 'CodeIgniter\Session\Handlers\FileHandler' driver.
INFO - 2024-12-16 11:07:00 --> Session: Class initialized using 'CodeIgniter\Session\Handlers\FileHandler' driver.
INFO - 2024-12-16 11:07:00 --> Session: Class initialized using 'CodeIgniter\Session\Handlers\FileHandler' driver.
INFO - 2024-12-16 11:08:23 --> Session: Class initialized using 'CodeIgniter\Session\Handlers\FileHandler' driver.
INFO - 2024-12-16 11:08:23 --> Session: Class initialized using 'CodeIgniter\Session\Handlers\FileHandler' driver.
INFO - 2024-12-16 11:08:23 --> Session: Class initialized using 'CodeIgniter\Session\Handlers\FileHandler' driver.
INFO - 2024-12-16 11:08:28 --> Session: Class initialized using 'CodeIgniter\Session\Handlers\FileHandler' driver.
INFO - 2024-12-16 11:08:28 --> Session: Class initialized using 'CodeIgniter\Session\Handlers\FileHandler' driver.
INFO - 2024-12-16 11:08:28 --> Session: Class initialized using 'CodeIgniter\Session\Handlers\FileHandler' driver.
INFO - 2024-12-16 11:09:12 --> Session: Class initialized using 'CodeIgniter\Session\Handlers\FileHandler' driver.
INFO - 2024-12-16 11:09:12 --> Session: Class initialized using 'CodeIgniter\Session\Handlers\FileHandler' driver.
INFO - 2024-12-16 11:09:12 --> Session: Class initialized using 'CodeIgniter\Session\Handlers\FileHandler' driver.
INFO - 2024-12-16 11:16:40 --> Session: Class initialized using 'CodeIgniter\Session\Handlers\FileHandler' driver.
INFO - 2024-12-16 11:16:40 --> Session: Class initialized using 'CodeIgniter\Session\Handlers\FileHandler' driver.
INFO - 2024-12-16 11:16:40 --> Session: Class initialized using 'CodeIgniter\Session\Handlers\FileHandler' driver.
ERROR - 2024-12-16 11:16:41 --> mysqli_sql_exception: Column 'route_no' in where clause is ambiguous in C:\laragon\www\DTRAK-CHD\vendor\codeigniter4\framework\system\Database\MySQLi\Connection.php:295
Stack trace:
#0 C:\laragon\www\DTRAK-CHD\vendor\codeigniter4\framework\system\Database\MySQLi\Connection.php(295): mysqli->query('SELECT `dr`.`su...', 0)
#1 C:\laragon\www\DTRAK-CHD\vendor\codeigniter4\framework\system\Database\BaseConnection.php(692): CodeIgniter\Database\MySQLi\Connection->execute('SELECT `dr`.`su...')
#2 C:\laragon\www\DTRAK-CHD\vendor\codeigniter4\framework\system\Database\BaseConnection.php(606): CodeIgniter\Database\BaseConnection->simpleQuery('SELECT `dr`.`su...')
#3 C:\laragon\www\DTRAK-CHD\vendor\codeigniter4\framework\system\Database\BaseBuilder.php(1616): CodeIgniter\Database\BaseConnection->query('SELECT `dr`.`su...', Array, false)
#4 C:\laragon\www\DTRAK-CHD\app\Models\DocumentRegistryModel.php(518): CodeIgniter\Database\BaseBuilder->get()
#5 C:\laragon\www\DTRAK-CHD\app\Controllers\OutgoingDestination.php(250): App\Models\DocumentRegistryModel->getDocInfo('R2024-000052663')
#6 C:\laragon\www\DTRAK-CHD\app\Controllers\OutgoingDestination.php(228): App\Controllers\OutgoingDestination->getRecursion('2024-000051931')
#7 C:\laragon\www\DTRAK-CHD\vendor\codeigniter4\framework\system\CodeIgniter.php(934): App\Controllers\OutgoingDestination->controlDestinationData()
#8 C:\laragon\www\DTRAK-CHD\vendor\codeigniter4\framework\system\CodeIgniter.php(499): CodeIgniter\CodeIgniter->runController(Object(App\Controllers\OutgoingDestination))
#9 C:\laragon\www\DTRAK-CHD\vendor\codeigniter4\framework\system\CodeIgniter.php(368): CodeIgniter\CodeIgniter->handleRequest(NULL, Object(Config\Cache), false)
#10 C:\laragon\www\DTRAK-CHD\index.php(68): CodeIgniter\CodeIgniter->run()
#11 {main}
CRITICAL - 2024-12-16 11:16:41 --> Column 'route_no' in where clause is ambiguous
in SYSTEMPATH\Database\MySQLi\Connection.php on line 295.
 1 SYSTEMPATH\Database\MySQLi\Connection.php(295): mysqli->query('SELECT `dr`.`subject`, `o`.`officename`, GROUP_CONCAT(DISTINCT(dt.type_code)) AS ddoctype, GROUP_CONCAT(DISTINCT(dt.type_desc)) AS ddoctype_desc
FROM `docregistry` `dr`
JOIN `office` `o` ON `docregistry`.`officecode` = `office`.`officecode`
JOIN `registry_doctype` `rd` ON `rd`.`route_no` = `dr`.`route_no`
JOIN `doc_type` `dt` ON `dt`.`type_code` = `rd`.`type_code`
WHERE `route_no` = \'R2024-000052663\'
GROUP BY `dr`.`subject`, `dr`.`officename`', 0)
 2 SYSTEMPATH\Database\BaseConnection.php(692): CodeIgniter\Database\MySQLi\Connection->execute('SELECT `dr`.`subject`, `o`.`officename`, GROUP_CONCAT(DISTINCT(dt.type_code)) AS ddoctype, GROUP_CONCAT(DISTINCT(dt.type_desc)) AS ddoctype_desc
FROM `docregistry` `dr`
JOIN `office` `o` ON `docregistry`.`officecode` = `office`.`officecode`
JOIN `registry_doctype` `rd` ON `rd`.`route_no` = `dr`.`route_no`
JOIN `doc_type` `dt` ON `dt`.`type_code` = `rd`.`type_code`
WHERE `route_no` = \'R2024-000052663\'
GROUP BY `dr`.`subject`, `dr`.`officename`')
 3 SYSTEMPATH\Database\BaseConnection.php(606): CodeIgniter\Database\BaseConnection->simpleQuery('SELECT `dr`.`subject`, `o`.`officename`, GROUP_CONCAT(DISTINCT(dt.type_code)) AS ddoctype, GROUP_CONCAT(DISTINCT(dt.type_desc)) AS ddoctype_desc
FROM `docregistry` `dr`
JOIN `office` `o` ON `docregistry`.`officecode` = `office`.`officecode`
JOIN `registry_doctype` `rd` ON `rd`.`route_no` = `dr`.`route_no`
JOIN `doc_type` `dt` ON `dt`.`type_code` = `rd`.`type_code`
WHERE `route_no` = \'R2024-000052663\'
GROUP BY `dr`.`subject`, `dr`.`officename`')
 4 SYSTEMPATH\Database\BaseBuilder.php(1616): CodeIgniter\Database\BaseConnection->query('SELECT `dr`.`subject`, `o`.`officename`, GROUP_CONCAT(DISTINCT(dt.type_code)) AS ddoctype, GROUP_CONCAT(DISTINCT(dt.type_desc)) AS ddoctype_desc
FROM `docregistry` `dr`
JOIN `office` `o` ON `docregistry`.`officecode` = `office`.`officecode`
JOIN `registry_doctype` `rd` ON `rd`.`route_no` = `dr`.`route_no`
JOIN `doc_type` `dt` ON `dt`.`type_code` = `rd`.`type_code`
WHERE `route_no` = :route_no:
GROUP BY `dr`.`subject`, `dr`.`officename`', [...], false)
 5 APPPATH\Models\DocumentRegistryModel.php(518): CodeIgniter\Database\BaseBuilder->get()
 6 APPPATH\Controllers\OutgoingDestination.php(250): App\Models\DocumentRegistryModel->getDocInfo('R2024-000052663')
 7 APPPATH\Controllers\OutgoingDestination.php(228): App\Controllers\OutgoingDestination->getRecursion('2024-000051931')
 8 SYSTEMPATH\CodeIgniter.php(934): App\Controllers\OutgoingDestination->controlDestinationData()
 9 SYSTEMPATH\CodeIgniter.php(499): CodeIgniter\CodeIgniter->runController(Object(App\Controllers\OutgoingDestination))
10 SYSTEMPATH\CodeIgniter.php(368): CodeIgniter\CodeIgniter->handleRequest(null, Object(Config\Cache), false)
11 FCPATH\index.php(68): CodeIgniter\CodeIgniter->run()
INFO - 2024-12-16 11:16:46 --> Session: Class initialized using 'CodeIgniter\Session\Handlers\FileHandler' driver.
INFO - 2024-12-16 11:16:46 --> Session: Class initialized using 'CodeIgniter\Session\Handlers\FileHandler' driver.
INFO - 2024-12-16 11:16:46 --> Session: Class initialized using 'CodeIgniter\Session\Handlers\FileHandler' driver.
ERROR - 2024-12-16 11:16:47 --> mysqli_sql_exception: Column 'route_no' in where clause is ambiguous in C:\laragon\www\DTRAK-CHD\vendor\codeigniter4\framework\system\Database\MySQLi\Connection.php:295
Stack trace:
#0 C:\laragon\www\DTRAK-CHD\vendor\codeigniter4\framework\system\Database\MySQLi\Connection.php(295): mysqli->query('SELECT `dr`.`su...', 0)
#1 C:\laragon\www\DTRAK-CHD\vendor\codeigniter4\framework\system\Database\BaseConnection.php(692): CodeIgniter\Database\MySQLi\Connection->execute('SELECT `dr`.`su...')
#2 C:\laragon\www\DTRAK-CHD\vendor\codeigniter4\framework\system\Database\BaseConnection.php(606): CodeIgniter\Database\BaseConnection->simpleQuery('SELECT `dr`.`su...')
#3 C:\laragon\www\DTRAK-CHD\vendor\codeigniter4\framework\system\Database\BaseBuilder.php(1616): CodeIgniter\Database\BaseConnection->query('SELECT `dr`.`su...', Array, false)
#4 C:\laragon\www\DTRAK-CHD\app\Models\DocumentRegistryModel.php(518): CodeIgniter\Database\BaseBuilder->get()
#5 C:\laragon\www\DTRAK-CHD\app\Controllers\OutgoingDestination.php(250): App\Models\DocumentRegistryModel->getDocInfo('R2024-000052663')
#6 C:\laragon\www\DTRAK-CHD\app\Controllers\OutgoingDestination.php(228): App\Controllers\OutgoingDestination->getRecursion('2024-000051931')
#7 C:\laragon\www\DTRAK-CHD\vendor\codeigniter4\framework\system\CodeIgniter.php(934): App\Controllers\OutgoingDestination->controlDestinationData()
#8 C:\laragon\www\DTRAK-CHD\vendor\codeigniter4\framework\system\CodeIgniter.php(499): CodeIgniter\CodeIgniter->runController(Object(App\Controllers\OutgoingDestination))
#9 C:\laragon\www\DTRAK-CHD\vendor\codeigniter4\framework\system\CodeIgniter.php(368): CodeIgniter\CodeIgniter->handleRequest(NULL, Object(Config\Cache), false)
#10 C:\laragon\www\DTRAK-CHD\index.php(68): CodeIgniter\CodeIgniter->run()
#11 {main}
CRITICAL - 2024-12-16 11:16:47 --> Column 'route_no' in where clause is ambiguous
in SYSTEMPATH\Database\MySQLi\Connection.php on line 295.
 1 SYSTEMPATH\Database\MySQLi\Connection.php(295): mysqli->query('SELECT `dr`.`subject`, `o`.`officename`, GROUP_CONCAT(DISTINCT(dt.type_code)) AS ddoctype, GROUP_CONCAT(DISTINCT(dt.type_desc)) AS ddoctype_desc
FROM `docregistry` `dr`
JOIN `office` `o` ON `docregistry`.`officecode` = `office`.`officecode`
JOIN `registry_doctype` `rd` ON `rd`.`route_no` = `dr`.`route_no`
JOIN `doc_type` `dt` ON `dt`.`type_code` = `rd`.`type_code`
WHERE `route_no` = \'R2024-000052663\'
GROUP BY `dr`.`subject`, `dr`.`officename`', 0)
 2 SYSTEMPATH\Database\BaseConnection.php(692): CodeIgniter\Database\MySQLi\Connection->execute('SELECT `dr`.`subject`, `o`.`officename`, GROUP_CONCAT(DISTINCT(dt.type_code)) AS ddoctype, GROUP_CONCAT(DISTINCT(dt.type_desc)) AS ddoctype_desc
FROM `docregistry` `dr`
JOIN `office` `o` ON `docregistry`.`officecode` = `office`.`officecode`
JOIN `registry_doctype` `rd` ON `rd`.`route_no` = `dr`.`route_no`
JOIN `doc_type` `dt` ON `dt`.`type_code` = `rd`.`type_code`
WHERE `route_no` = \'R2024-000052663\'
GROUP BY `dr`.`subject`, `dr`.`officename`')
 3 SYSTEMPATH\Database\BaseConnection.php(606): CodeIgniter\Database\BaseConnection->simpleQuery('SELECT `dr`.`subject`, `o`.`officename`, GROUP_CONCAT(DISTINCT(dt.type_code)) AS ddoctype, GROUP_CONCAT(DISTINCT(dt.type_desc)) AS ddoctype_desc
FROM `docregistry` `dr`
JOIN `office` `o` ON `docregistry`.`officecode` = `office`.`officecode`
JOIN `registry_doctype` `rd` ON `rd`.`route_no` = `dr`.`route_no`
JOIN `doc_type` `dt` ON `dt`.`type_code` = `rd`.`type_code`
WHERE `route_no` = \'R2024-000052663\'
GROUP BY `dr`.`subject`, `dr`.`officename`')
 4 SYSTEMPATH\Database\BaseBuilder.php(1616): CodeIgniter\Database\BaseConnection->query('SELECT `dr`.`subject`, `o`.`officename`, GROUP_CONCAT(DISTINCT(dt.type_code)) AS ddoctype, GROUP_CONCAT(DISTINCT(dt.type_desc)) AS ddoctype_desc
FROM `docregistry` `dr`
JOIN `office` `o` ON `docregistry`.`officecode` = `office`.`officecode`
JOIN `registry_doctype` `rd` ON `rd`.`route_no` = `dr`.`route_no`
JOIN `doc_type` `dt` ON `dt`.`type_code` = `rd`.`type_code`
WHERE `route_no` = :route_no:
GROUP BY `dr`.`subject`, `dr`.`officename`', [...], false)
 5 APPPATH\Models\DocumentRegistryModel.php(518): CodeIgniter\Database\BaseBuilder->get()
 6 APPPATH\Controllers\OutgoingDestination.php(250): App\Models\DocumentRegistryModel->getDocInfo('R2024-000052663')
 7 APPPATH\Controllers\OutgoingDestination.php(228): App\Controllers\OutgoingDestination->getRecursion('2024-000051931')
 8 SYSTEMPATH\CodeIgniter.php(934): App\Controllers\OutgoingDestination->controlDestinationData()
 9 SYSTEMPATH\CodeIgniter.php(499): CodeIgniter\CodeIgniter->runController(Object(App\Controllers\OutgoingDestination))
10 SYSTEMPATH\CodeIgniter.php(368): CodeIgniter\CodeIgniter->handleRequest(null, Object(Config\Cache), false)
11 FCPATH\index.php(68): CodeIgniter\CodeIgniter->run()
INFO - 2024-12-16 11:17:01 --> Session: Class initialized using 'CodeIgniter\Session\Handlers\FileHandler' driver.
INFO - 2024-12-16 11:17:02 --> Session: Class initialized using 'CodeIgniter\Session\Handlers\FileHandler' driver.
INFO - 2024-12-16 11:17:02 --> Session: Class initialized using 'CodeIgniter\Session\Handlers\FileHandler' driver.
ERROR - 2024-12-16 11:17:03 --> mysqli_sql_exception: Column 'route_no' in where clause is ambiguous in C:\laragon\www\DTRAK-CHD\vendor\codeigniter4\framework\system\Database\MySQLi\Connection.php:295
Stack trace:
#0 C:\laragon\www\DTRAK-CHD\vendor\codeigniter4\framework\system\Database\MySQLi\Connection.php(295): mysqli->query('SELECT `dr`.`su...', 0)
#1 C:\laragon\www\DTRAK-CHD\vendor\codeigniter4\framework\system\Database\BaseConnection.php(692): CodeIgniter\Database\MySQLi\Connection->execute('SELECT `dr`.`su...')
#2 C:\laragon\www\DTRAK-CHD\vendor\codeigniter4\framework\system\Database\BaseConnection.php(606): CodeIgniter\Database\BaseConnection->simpleQuery('SELECT `dr`.`su...')
#3 C:\laragon\www\DTRAK-CHD\vendor\codeigniter4\framework\system\Database\BaseBuilder.php(1616): CodeIgniter\Database\BaseConnection->query('SELECT `dr`.`su...', Array, false)
#4 C:\laragon\www\DTRAK-CHD\app\Models\DocumentRegistryModel.php(517): CodeIgniter\Database\BaseBuilder->get()
#5 C:\laragon\www\DTRAK-CHD\app\Controllers\OutgoingDestination.php(250): App\Models\DocumentRegistryModel->getDocInfo('R2024-000052663')
#6 C:\laragon\www\DTRAK-CHD\app\Controllers\OutgoingDestination.php(228): App\Controllers\OutgoingDestination->getRecursion('2024-000051931')
#7 C:\laragon\www\DTRAK-CHD\vendor\codeigniter4\framework\system\CodeIgniter.php(934): App\Controllers\OutgoingDestination->controlDestinationData()
#8 C:\laragon\www\DTRAK-CHD\vendor\codeigniter4\framework\system\CodeIgniter.php(499): CodeIgniter\CodeIgniter->runController(Object(App\Controllers\OutgoingDestination))
#9 C:\laragon\www\DTRAK-CHD\vendor\codeigniter4\framework\system\CodeIgniter.php(368): CodeIgniter\CodeIgniter->handleRequest(NULL, Object(Config\Cache), false)
#10 C:\laragon\www\DTRAK-CHD\index.php(68): CodeIgniter\CodeIgniter->run()
#11 {main}
CRITICAL - 2024-12-16 11:17:03 --> Column 'route_no' in where clause is ambiguous
in SYSTEMPATH\Database\MySQLi\Connection.php on line 295.
 1 SYSTEMPATH\Database\MySQLi\Connection.php(295): mysqli->query('SELECT `dr`.`subject`, `o`.`officename`, GROUP_CONCAT(DISTINCT(dt.type_code)) AS ddoctype, GROUP_CONCAT(DISTINCT(dt.type_desc)) AS ddoctype_desc
FROM `docregistry` `dr`
JOIN `office` `o` ON `docregistry`.`officecode` = `office`.`officecode`
JOIN `registry_doctype` `rd` ON `rd`.`route_no` = `dr`.`route_no`
JOIN `doc_type` `dt` ON `dt`.`type_code` = `rd`.`type_code`
WHERE `route_no` = \'R2024-000052663\'
GROUP BY `dr`.`subject`, `dr`.`officename`', 0)
 2 SYSTEMPATH\Database\BaseConnection.php(692): CodeIgniter\Database\MySQLi\Connection->execute('SELECT `dr`.`subject`, `o`.`officename`, GROUP_CONCAT(DISTINCT(dt.type_code)) AS ddoctype, GROUP_CONCAT(DISTINCT(dt.type_desc)) AS ddoctype_desc
FROM `docregistry` `dr`
JOIN `office` `o` ON `docregistry`.`officecode` = `office`.`officecode`
JOIN `registry_doctype` `rd` ON `rd`.`route_no` = `dr`.`route_no`
JOIN `doc_type` `dt` ON `dt`.`type_code` = `rd`.`type_code`
WHERE `route_no` = \'R2024-000052663\'
GROUP BY `dr`.`subject`, `dr`.`officename`')
 3 SYSTEMPATH\Database\BaseConnection.php(606): CodeIgniter\Database\BaseConnection->simpleQuery('SELECT `dr`.`subject`, `o`.`officename`, GROUP_CONCAT(DISTINCT(dt.type_code)) AS ddoctype, GROUP_CONCAT(DISTINCT(dt.type_desc)) AS ddoctype_desc
FROM `docregistry` `dr`
JOIN `office` `o` ON `docregistry`.`officecode` = `office`.`officecode`
JOIN `registry_doctype` `rd` ON `rd`.`route_no` = `dr`.`route_no`
JOIN `doc_type` `dt` ON `dt`.`type_code` = `rd`.`type_code`
WHERE `route_no` = \'R2024-000052663\'
GROUP BY `dr`.`subject`, `dr`.`officename`')
 4 SYSTEMPATH\Database\BaseBuilder.php(1616): CodeIgniter\Database\BaseConnection->query('SELECT `dr`.`subject`, `o`.`officename`, GROUP_CONCAT(DISTINCT(dt.type_code)) AS ddoctype, GROUP_CONCAT(DISTINCT(dt.type_desc)) AS ddoctype_desc
FROM `docregistry` `dr`
JOIN `office` `o` ON `docregistry`.`officecode` = `office`.`officecode`
JOIN `registry_doctype` `rd` ON `rd`.`route_no` = `dr`.`route_no`
JOIN `doc_type` `dt` ON `dt`.`type_code` = `rd`.`type_code`
WHERE `route_no` = :route_no:
GROUP BY `dr`.`subject`, `dr`.`officename`', [...], false)
 5 APPPATH\Models\DocumentRegistryModel.php(517): CodeIgniter\Database\BaseBuilder->get()
 6 APPPATH\Controllers\OutgoingDestination.php(250): App\Models\DocumentRegistryModel->getDocInfo('R2024-000052663')
 7 APPPATH\Controllers\OutgoingDestination.php(228): App\Controllers\OutgoingDestination->getRecursion('2024-000051931')
 8 SYSTEMPATH\CodeIgniter.php(934): App\Controllers\OutgoingDestination->controlDestinationData()
 9 SYSTEMPATH\CodeIgniter.php(499): CodeIgniter\CodeIgniter->runController(Object(App\Controllers\OutgoingDestination))
10 SYSTEMPATH\CodeIgniter.php(368): CodeIgniter\CodeIgniter->handleRequest(null, Object(Config\Cache), false)
11 FCPATH\index.php(68): CodeIgniter\CodeIgniter->run()
INFO - 2024-12-16 11:17:09 --> Session: Class initialized using 'CodeIgniter\Session\Handlers\FileHandler' driver.
INFO - 2024-12-16 11:17:10 --> Session: Class initialized using 'CodeIgniter\Session\Handlers\FileHandler' driver.
INFO - 2024-12-16 11:17:10 --> Session: Class initialized using 'CodeIgniter\Session\Handlers\FileHandler' driver.
ERROR - 2024-12-16 11:17:10 --> mysqli_sql_exception: Unknown column 'docregistry.officecode' in 'on clause' in C:\laragon\www\DTRAK-CHD\vendor\codeigniter4\framework\system\Database\MySQLi\Connection.php:295
Stack trace:
#0 C:\laragon\www\DTRAK-CHD\vendor\codeigniter4\framework\system\Database\MySQLi\Connection.php(295): mysqli->query('SELECT `dr`.`su...', 0)
#1 C:\laragon\www\DTRAK-CHD\vendor\codeigniter4\framework\system\Database\BaseConnection.php(692): CodeIgniter\Database\MySQLi\Connection->execute('SELECT `dr`.`su...')
#2 C:\laragon\www\DTRAK-CHD\vendor\codeigniter4\framework\system\Database\BaseConnection.php(606): CodeIgniter\Database\BaseConnection->simpleQuery('SELECT `dr`.`su...')
#3 C:\laragon\www\DTRAK-CHD\vendor\codeigniter4\framework\system\Database\BaseBuilder.php(1616): CodeIgniter\Database\BaseConnection->query('SELECT `dr`.`su...', Array, false)
#4 C:\laragon\www\DTRAK-CHD\app\Models\DocumentRegistryModel.php(517): CodeIgniter\Database\BaseBuilder->get()
#5 C:\laragon\www\DTRAK-CHD\app\Controllers\OutgoingDestination.php(250): App\Models\DocumentRegistryModel->getDocInfo('R2024-000052663')
#6 C:\laragon\www\DTRAK-CHD\app\Controllers\OutgoingDestination.php(228): App\Controllers\OutgoingDestination->getRecursion('2024-000051931')
#7 C:\laragon\www\DTRAK-CHD\vendor\codeigniter4\framework\system\CodeIgniter.php(934): App\Controllers\OutgoingDestination->controlDestinationData()
#8 C:\laragon\www\DTRAK-CHD\vendor\codeigniter4\framework\system\CodeIgniter.php(499): CodeIgniter\CodeIgniter->runController(Object(App\Controllers\OutgoingDestination))
#9 C:\laragon\www\DTRAK-CHD\vendor\codeigniter4\framework\system\CodeIgniter.php(368): CodeIgniter\CodeIgniter->handleRequest(NULL, Object(Config\Cache), false)
#10 C:\laragon\www\DTRAK-CHD\index.php(68): CodeIgniter\CodeIgniter->run()
#11 {main}
CRITICAL - 2024-12-16 11:17:10 --> Unknown column 'docregistry.officecode' in 'on clause'
in SYSTEMPATH\Database\MySQLi\Connection.php on line 295.
 1 SYSTEMPATH\Database\MySQLi\Connection.php(295): mysqli->query('SELECT `dr`.`subject`, `o`.`officename`, GROUP_CONCAT(DISTINCT(dt.type_code)) AS ddoctype, GROUP_CONCAT(DISTINCT(dt.type_desc)) AS ddoctype_desc
FROM `docregistry` `dr`
JOIN `office` `o` ON `docregistry`.`officecode` = `office`.`officecode`
JOIN `registry_doctype` `rd` ON `rd`.`route_no` = `dr`.`route_no`
JOIN `doc_type` `dt` ON `dt`.`type_code` = `rd`.`type_code`
WHERE `dr`.`route_no` = \'R2024-000052663\'
GROUP BY `dr`.`subject`, `dr`.`officename`', 0)
 2 SYSTEMPATH\Database\BaseConnection.php(692): CodeIgniter\Database\MySQLi\Connection->execute('SELECT `dr`.`subject`, `o`.`officename`, GROUP_CONCAT(DISTINCT(dt.type_code)) AS ddoctype, GROUP_CONCAT(DISTINCT(dt.type_desc)) AS ddoctype_desc
FROM `docregistry` `dr`
JOIN `office` `o` ON `docregistry`.`officecode` = `office`.`officecode`
JOIN `registry_doctype` `rd` ON `rd`.`route_no` = `dr`.`route_no`
JOIN `doc_type` `dt` ON `dt`.`type_code` = `rd`.`type_code`
WHERE `dr`.`route_no` = \'R2024-000052663\'
GROUP BY `dr`.`subject`, `dr`.`officename`')
 3 SYSTEMPATH\Database\BaseConnection.php(606): CodeIgniter\Database\BaseConnection->simpleQuery('SELECT `dr`.`subject`, `o`.`officename`, GROUP_CONCAT(DISTINCT(dt.type_code)) AS ddoctype, GROUP_CONCAT(DISTINCT(dt.type_desc)) AS ddoctype_desc
FROM `docregistry` `dr`
JOIN `office` `o` ON `docregistry`.`officecode` = `office`.`officecode`
JOIN `registry_doctype` `rd` ON `rd`.`route_no` = `dr`.`route_no`
JOIN `doc_type` `dt` ON `dt`.`type_code` = `rd`.`type_code`
WHERE `dr`.`route_no` = \'R2024-000052663\'
GROUP BY `dr`.`subject`, `dr`.`officename`')
 4 SYSTEMPATH\Database\BaseBuilder.php(1616): CodeIgniter\Database\BaseConnection->query('SELECT `dr`.`subject`, `o`.`officename`, GROUP_CONCAT(DISTINCT(dt.type_code)) AS ddoctype, GROUP_CONCAT(DISTINCT(dt.type_desc)) AS ddoctype_desc
FROM `docregistry` `dr`
JOIN `office` `o` ON `docregistry`.`officecode` = `office`.`officecode`
JOIN `registry_doctype` `rd` ON `rd`.`route_no` = `dr`.`route_no`
JOIN `doc_type` `dt` ON `dt`.`type_code` = `rd`.`type_code`
WHERE `dr`.`route_no` = :dr.route_no:
GROUP BY `dr`.`subject`, `dr`.`officename`', [...], false)
 5 APPPATH\Models\DocumentRegistryModel.php(517): CodeIgniter\Database\BaseBuilder->get()
 6 APPPATH\Controllers\OutgoingDestination.php(250): App\Models\DocumentRegistryModel->getDocInfo('R2024-000052663')
 7 APPPATH\Controllers\OutgoingDestination.php(228): App\Controllers\OutgoingDestination->getRecursion('2024-000051931')
 8 SYSTEMPATH\CodeIgniter.php(934): App\Controllers\OutgoingDestination->controlDestinationData()
 9 SYSTEMPATH\CodeIgniter.php(499): CodeIgniter\CodeIgniter->runController(Object(App\Controllers\OutgoingDestination))
10 SYSTEMPATH\CodeIgniter.php(368): CodeIgniter\CodeIgniter->handleRequest(null, Object(Config\Cache), false)
11 FCPATH\index.php(68): CodeIgniter\CodeIgniter->run()
INFO - 2024-12-16 11:17:32 --> Session: Class initialized using 'CodeIgniter\Session\Handlers\FileHandler' driver.
INFO - 2024-12-16 11:17:32 --> Session: Class initialized using 'CodeIgniter\Session\Handlers\FileHandler' driver.
INFO - 2024-12-16 11:17:32 --> Session: Class initialized using 'CodeIgniter\Session\Handlers\FileHandler' driver.
ERROR - 2024-12-16 11:17:33 --> mysqli_sql_exception: Unknown column 'dr.officename' in 'group statement' in C:\laragon\www\DTRAK-CHD\vendor\codeigniter4\framework\system\Database\MySQLi\Connection.php:295
Stack trace:
#0 C:\laragon\www\DTRAK-CHD\vendor\codeigniter4\framework\system\Database\MySQLi\Connection.php(295): mysqli->query('SELECT `dr`.`su...', 0)
#1 C:\laragon\www\DTRAK-CHD\vendor\codeigniter4\framework\system\Database\BaseConnection.php(692): CodeIgniter\Database\MySQLi\Connection->execute('SELECT `dr`.`su...')
#2 C:\laragon\www\DTRAK-CHD\vendor\codeigniter4\framework\system\Database\BaseConnection.php(606): CodeIgniter\Database\BaseConnection->simpleQuery('SELECT `dr`.`su...')
#3 C:\laragon\www\DTRAK-CHD\vendor\codeigniter4\framework\system\Database\BaseBuilder.php(1616): CodeIgniter\Database\BaseConnection->query('SELECT `dr`.`su...', Array, false)
#4 C:\laragon\www\DTRAK-CHD\app\Models\DocumentRegistryModel.php(517): CodeIgniter\Database\BaseBuilder->get()
#5 C:\laragon\www\DTRAK-CHD\app\Controllers\OutgoingDestination.php(250): App\Models\DocumentRegistryModel->getDocInfo('R2024-000052663')
#6 C:\laragon\www\DTRAK-CHD\app\Controllers\OutgoingDestination.php(228): App\Controllers\OutgoingDestination->getRecursion('2024-000051931')
#7 C:\laragon\www\DTRAK-CHD\vendor\codeigniter4\framework\system\CodeIgniter.php(934): App\Controllers\OutgoingDestination->controlDestinationData()
#8 C:\laragon\www\DTRAK-CHD\vendor\codeigniter4\framework\system\CodeIgniter.php(499): CodeIgniter\CodeIgniter->runController(Object(App\Controllers\OutgoingDestination))
#9 C:\laragon\www\DTRAK-CHD\vendor\codeigniter4\framework\system\CodeIgniter.php(368): CodeIgniter\CodeIgniter->handleRequest(NULL, Object(Config\Cache), false)
#10 C:\laragon\www\DTRAK-CHD\index.php(68): CodeIgniter\CodeIgniter->run()
#11 {main}
CRITICAL - 2024-12-16 11:17:33 --> Unknown column 'dr.officename' in 'group statement'
in SYSTEMPATH\Database\MySQLi\Connection.php on line 295.
 1 SYSTEMPATH\Database\MySQLi\Connection.php(295): mysqli->query('SELECT `dr`.`subject`, `o`.`officename`, GROUP_CONCAT(DISTINCT(dt.type_code)) AS ddoctype, GROUP_CONCAT(DISTINCT(dt.type_desc)) AS ddoctype_desc
FROM `docregistry` `dr`
JOIN `office` `o` ON `dr`.`officecode` = `o`.`officecode`
JOIN `registry_doctype` `rd` ON `rd`.`route_no` = `dr`.`route_no`
JOIN `doc_type` `dt` ON `dt`.`type_code` = `rd`.`type_code`
WHERE `dr`.`route_no` = \'R2024-000052663\'
GROUP BY `dr`.`subject`, `dr`.`officename`', 0)
 2 SYSTEMPATH\Database\BaseConnection.php(692): CodeIgniter\Database\MySQLi\Connection->execute('SELECT `dr`.`subject`, `o`.`officename`, GROUP_CONCAT(DISTINCT(dt.type_code)) AS ddoctype, GROUP_CONCAT(DISTINCT(dt.type_desc)) AS ddoctype_desc
FROM `docregistry` `dr`
JOIN `office` `o` ON `dr`.`officecode` = `o`.`officecode`
JOIN `registry_doctype` `rd` ON `rd`.`route_no` = `dr`.`route_no`
JOIN `doc_type` `dt` ON `dt`.`type_code` = `rd`.`type_code`
WHERE `dr`.`route_no` = \'R2024-000052663\'
GROUP BY `dr`.`subject`, `dr`.`officename`')
 3 SYSTEMPATH\Database\BaseConnection.php(606): CodeIgniter\Database\BaseConnection->simpleQuery('SELECT `dr`.`subject`, `o`.`officename`, GROUP_CONCAT(DISTINCT(dt.type_code)) AS ddoctype, GROUP_CONCAT(DISTINCT(dt.type_desc)) AS ddoctype_desc
FROM `docregistry` `dr`
JOIN `office` `o` ON `dr`.`officecode` = `o`.`officecode`
JOIN `registry_doctype` `rd` ON `rd`.`route_no` = `dr`.`route_no`
JOIN `doc_type` `dt` ON `dt`.`type_code` = `rd`.`type_code`
WHERE `dr`.`route_no` = \'R2024-000052663\'
GROUP BY `dr`.`subject`, `dr`.`officename`')
 4 SYSTEMPATH\Database\BaseBuilder.php(1616): CodeIgniter\Database\BaseConnection->query('SELECT `dr`.`subject`, `o`.`officename`, GROUP_CONCAT(DISTINCT(dt.type_code)) AS ddoctype, GROUP_CONCAT(DISTINCT(dt.type_desc)) AS ddoctype_desc
FROM `docregistry` `dr`
JOIN `office` `o` ON `dr`.`officecode` = `o`.`officecode`
JOIN `registry_doctype` `rd` ON `rd`.`route_no` = `dr`.`route_no`
JOIN `doc_type` `dt` ON `dt`.`type_code` = `rd`.`type_code`
WHERE `dr`.`route_no` = :dr.route_no:
GROUP BY `dr`.`subject`, `dr`.`officename`', [...], false)
 5 APPPATH\Models\DocumentRegistryModel.php(517): CodeIgniter\Database\BaseBuilder->get()
 6 APPPATH\Controllers\OutgoingDestination.php(250): App\Models\DocumentRegistryModel->getDocInfo('R2024-000052663')
 7 APPPATH\Controllers\OutgoingDestination.php(228): App\Controllers\OutgoingDestination->getRecursion('2024-000051931')
 8 SYSTEMPATH\CodeIgniter.php(934): App\Controllers\OutgoingDestination->controlDestinationData()
 9 SYSTEMPATH\CodeIgniter.php(499): CodeIgniter\CodeIgniter->runController(Object(App\Controllers\OutgoingDestination))
10 SYSTEMPATH\CodeIgniter.php(368): CodeIgniter\CodeIgniter->handleRequest(null, Object(Config\Cache), false)
11 FCPATH\index.php(68): CodeIgniter\CodeIgniter->run()
INFO - 2024-12-16 11:17:46 --> Session: Class initialized using 'CodeIgniter\Session\Handlers\FileHandler' driver.
INFO - 2024-12-16 11:17:46 --> Session: Class initialized using 'CodeIgniter\Session\Handlers\FileHandler' driver.
INFO - 2024-12-16 11:17:46 --> Session: Class initialized using 'CodeIgniter\Session\Handlers\FileHandler' driver.
INFO - 2024-12-16 11:18:39 --> Session: Class initialized using 'CodeIgniter\Session\Handlers\FileHandler' driver.
INFO - 2024-12-16 11:18:40 --> Session: Class initialized using 'CodeIgniter\Session\Handlers\FileHandler' driver.
INFO - 2024-12-16 11:18:40 --> Session: Class initialized using 'CodeIgniter\Session\Handlers\FileHandler' driver.
INFO - 2024-12-16 11:21:09 --> Session: Class initialized using 'CodeIgniter\Session\Handlers\FileHandler' driver.
INFO - 2024-12-16 11:21:09 --> Session: Class initialized using 'CodeIgniter\Session\Handlers\FileHandler' driver.
INFO - 2024-12-16 11:21:10 --> Session: Class initialized using 'CodeIgniter\Session\Handlers\FileHandler' driver.
INFO - 2024-12-16 11:21:21 --> Session: Class initialized using 'CodeIgniter\Session\Handlers\FileHandler' driver.
INFO - 2024-12-16 11:21:22 --> Session: Class initialized using 'CodeIgniter\Session\Handlers\FileHandler' driver.
INFO - 2024-12-16 11:21:22 --> Session: Class initialized using 'CodeIgniter\Session\Handlers\FileHandler' driver.
INFO - 2024-12-16 13:26:57 --> Session: Class initialized using 'CodeIgniter\Session\Handlers\FileHandler' driver.
INFO - 2024-12-16 13:26:57 --> Session: Class initialized using 'CodeIgniter\Session\Handlers\FileHandler' driver.
INFO - 2024-12-16 13:26:57 --> Session: Class initialized using 'CodeIgniter\Session\Handlers\FileHandler' driver.
INFO - 2024-12-16 13:51:17 --> Session: Class initialized using 'CodeIgniter\Session\Handlers\FileHandler' driver.
INFO - 2024-12-16 13:51:17 --> Session: Class initialized using 'CodeIgniter\Session\Handlers\FileHandler' driver.
INFO - 2024-12-16 13:51:17 --> Session: Class initialized using 'CodeIgniter\Session\Handlers\FileHandler' driver.
INFO - 2024-12-16 13:51:21 --> Session: Class initialized using 'CodeIgniter\Session\Handlers\FileHandler' driver.
INFO - 2024-12-16 13:51:21 --> Session: Class initialized using 'CodeIgniter\Session\Handlers\FileHandler' driver.
INFO - 2024-12-16 13:51:22 --> Session: Class initialized using 'CodeIgniter\Session\Handlers\FileHandler' driver.
INFO - 2024-12-16 13:51:22 --> Session: Class initialized using 'CodeIgniter\Session\Handlers\FileHandler' driver.
INFO - 2024-12-16 13:51:28 --> Session: Class initialized using 'CodeIgniter\Session\Handlers\FileHandler' driver.
INFO - 2024-12-16 13:51:28 --> Session: Class initialized using 'CodeIgniter\Session\Handlers\FileHandler' driver.
INFO - 2024-12-16 13:51:29 --> Session: Class initialized using 'CodeIgniter\Session\Handlers\FileHandler' driver.
INFO - 2024-12-16 13:51:34 --> Session: Class initialized using 'CodeIgniter\Session\Handlers\FileHandler' driver.
INFO - 2024-12-16 13:51:34 --> Session: Class initialized using 'CodeIgniter\Session\Handlers\FileHandler' driver.
INFO - 2024-12-16 13:51:34 --> Session: Class initialized using 'CodeIgniter\Session\Handlers\FileHandler' driver.
INFO - 2024-12-16 13:51:39 --> Session: Class initialized using 'CodeIgniter\Session\Handlers\FileHandler' driver.
INFO - 2024-12-16 13:51:39 --> Session: Class initialized using 'CodeIgniter\Session\Handlers\FileHandler' driver.
INFO - 2024-12-16 13:51:39 --> Session: Class initialized using 'CodeIgniter\Session\Handlers\FileHandler' driver.
INFO - 2024-12-16 13:51:41 --> Session: Class initialized using 'CodeIgniter\Session\Handlers\FileHandler' driver.
INFO - 2024-12-16 13:51:41 --> Session: Class initialized using 'CodeIgniter\Session\Handlers\FileHandler' driver.
INFO - 2024-12-16 13:51:41 --> Session: Class initialized using 'CodeIgniter\Session\Handlers\FileHandler' driver.
INFO - 2024-12-16 13:51:49 --> Session: Class initialized using 'CodeIgniter\Session\Handlers\FileHandler' driver.
INFO - 2024-12-16 13:51:49 --> Session: Class initialized using 'CodeIgniter\Session\Handlers\FileHandler' driver.
INFO - 2024-12-16 13:51:49 --> Session: Class initialized using 'CodeIgniter\Session\Handlers\FileHandler' driver.
INFO - 2024-12-16 13:52:03 --> Session: Class initialized using 'CodeIgniter\Session\Handlers\FileHandler' driver.
INFO - 2024-12-16 13:52:03 --> Session: Class initialized using 'CodeIgniter\Session\Handlers\FileHandler' driver.
INFO - 2024-12-16 13:52:04 --> Session: Class initialized using 'CodeIgniter\Session\Handlers\FileHandler' driver.
INFO - 2024-12-16 13:52:08 --> Session: Class initialized using 'CodeIgniter\Session\Handlers\FileHandler' driver.
INFO - 2024-12-16 13:52:08 --> Session: Class initialized using 'CodeIgniter\Session\Handlers\FileHandler' driver.
INFO - 2024-12-16 13:52:08 --> Session: Class initialized using 'CodeIgniter\Session\Handlers\FileHandler' driver.
INFO - 2024-12-16 13:52:08 --> Session: Class initialized using 'CodeIgniter\Session\Handlers\FileHandler' driver.
INFO - 2024-12-16 13:52:11 --> Session: Class initialized using 'CodeIgniter\Session\Handlers\FileHandler' driver.
INFO - 2024-12-16 13:52:11 --> Session: Class initialized using 'CodeIgniter\Session\Handlers\FileHandler' driver.
INFO - 2024-12-16 13:52:11 --> Session: Class initialized using 'CodeIgniter\Session\Handlers\FileHandler' driver.
INFO - 2024-12-16 13:52:54 --> Session: Class initialized using 'CodeIgniter\Session\Handlers\FileHandler' driver.
INFO - 2024-12-16 13:52:54 --> Session: Class initialized using 'CodeIgniter\Session\Handlers\FileHandler' driver.
INFO - 2024-12-16 13:52:55 --> Session: Class initialized using 'CodeIgniter\Session\Handlers\FileHandler' driver.
INFO - 2024-12-16 13:54:01 --> Session: Class initialized using 'CodeIgniter\Session\Handlers\FileHandler' driver.
INFO - 2024-12-16 13:54:01 --> Session: Class initialized using 'CodeIgniter\Session\Handlers\FileHandler' driver.
INFO - 2024-12-16 13:54:03 --> Session: Class initialized using 'CodeIgniter\Session\Handlers\FileHandler' driver.
INFO - 2024-12-16 13:55:03 --> Session: Class initialized using 'CodeIgniter\Session\Handlers\FileHandler' driver.
INFO - 2024-12-16 13:55:03 --> Session: Class initialized using 'CodeIgniter\Session\Handlers\FileHandler' driver.
INFO - 2024-12-16 13:59:31 --> Session: Class initialized using 'CodeIgniter\Session\Handlers\FileHandler' driver.
INFO - 2024-12-16 13:59:31 --> Session: Class initialized using 'CodeIgniter\Session\Handlers\FileHandler' driver.
INFO - 2024-12-16 13:59:31 --> Session: Class initialized using 'CodeIgniter\Session\Handlers\FileHandler' driver.
INFO - 2024-12-16 13:59:33 --> Session: Class initialized using 'CodeIgniter\Session\Handlers\FileHandler' driver.
INFO - 2024-12-16 13:59:34 --> Session: Class initialized using 'CodeIgniter\Session\Handlers\FileHandler' driver.
INFO - 2024-12-16 13:59:34 --> Session: Class initialized using 'CodeIgniter\Session\Handlers\FileHandler' driver.
INFO - 2024-12-16 13:59:36 --> Session: Class initialized using 'CodeIgniter\Session\Handlers\FileHandler' driver.
INFO - 2024-12-16 13:59:36 --> Session: Class initialized using 'CodeIgniter\Session\Handlers\FileHandler' driver.
INFO - 2024-12-16 13:59:36 --> Session: Class initialized using 'CodeIgniter\Session\Handlers\FileHandler' driver.
INFO - 2024-12-16 13:59:39 --> Session: Class initialized using 'CodeIgniter\Session\Handlers\FileHandler' driver.
INFO - 2024-12-16 13:59:39 --> Session: Class initialized using 'CodeIgniter\Session\Handlers\FileHandler' driver.
INFO - 2024-12-16 13:59:39 --> Session: Class initialized using 'CodeIgniter\Session\Handlers\FileHandler' driver.
INFO - 2024-12-16 13:59:41 --> Session: Class initialized using 'CodeIgniter\Session\Handlers\FileHandler' driver.
INFO - 2024-12-16 13:59:42 --> Session: Class initialized using 'CodeIgniter\Session\Handlers\FileHandler' driver.
INFO - 2024-12-16 13:59:42 --> Session: Class initialized using 'CodeIgniter\Session\Handlers\FileHandler' driver.
INFO - 2024-12-16 13:59:43 --> Session: Class initialized using 'CodeIgniter\Session\Handlers\FileHandler' driver.
INFO - 2024-12-16 13:59:44 --> Session: Class initialized using 'CodeIgniter\Session\Handlers\FileHandler' driver.
INFO - 2024-12-16 13:59:44 --> Session: Class initialized using 'CodeIgniter\Session\Handlers\FileHandler' driver.
INFO - 2024-12-16 13:59:45 --> Session: Class initialized using 'CodeIgniter\Session\Handlers\FileHandler' driver.
INFO - 2024-12-16 13:59:46 --> Session: Class initialized using 'CodeIgniter\Session\Handlers\FileHandler' driver.
INFO - 2024-12-16 13:59:46 --> Session: Class initialized using 'CodeIgniter\Session\Handlers\FileHandler' driver.
INFO - 2024-12-16 14:12:01 --> Session: Class initialized using 'CodeIgniter\Session\Handlers\FileHandler' driver.
INFO - 2024-12-16 14:12:02 --> Session: Class initialized using 'CodeIgniter\Session\Handlers\FileHandler' driver.
INFO - 2024-12-16 14:12:02 --> Session: Class initialized using 'CodeIgniter\Session\Handlers\FileHandler' driver.
INFO - 2024-12-16 14:12:08 --> Session: Class initialized using 'CodeIgniter\Session\Handlers\FileHandler' driver.
INFO - 2024-12-16 14:12:08 --> Session: Class initialized using 'CodeIgniter\Session\Handlers\FileHandler' driver.
INFO - 2024-12-16 14:12:09 --> Session: Class initialized using 'CodeIgniter\Session\Handlers\FileHandler' driver.
INFO - 2024-12-16 14:12:17 --> Session: Class initialized using 'CodeIgniter\Session\Handlers\FileHandler' driver.
INFO - 2024-12-16 14:12:17 --> Session: Class initialized using 'CodeIgniter\Session\Handlers\FileHandler' driver.
INFO - 2024-12-16 14:12:17 --> Session: Class initialized using 'CodeIgniter\Session\Handlers\FileHandler' driver.
INFO - 2024-12-16 14:12:18 --> Session: Class initialized using 'CodeIgniter\Session\Handlers\FileHandler' driver.
INFO - 2024-12-16 14:12:18 --> Session: Class initialized using 'CodeIgniter\Session\Handlers\FileHandler' driver.
INFO - 2024-12-16 14:12:18 --> Session: Class initialized using 'CodeIgniter\Session\Handlers\FileHandler' driver.
INFO - 2024-12-16 14:24:27 --> Session: Class initialized using 'CodeIgniter\Session\Handlers\FileHandler' driver.
INFO - 2024-12-16 14:24:28 --> Session: Class initialized using 'CodeIgniter\Session\Handlers\FileHandler' driver.
INFO - 2024-12-16 14:24:28 --> Session: Class initialized using 'CodeIgniter\Session\Handlers\FileHandler' driver.
INFO - 2024-12-16 14:24:37 --> Session: Class initialized using 'CodeIgniter\Session\Handlers\FileHandler' driver.
CRITICAL - 2024-12-16 14:24:37 --> Undefined variable: bread
in APPPATH\Views\layouts\base.php on line 345.
 1 APPPATH\Views\layouts\base.php(345): CodeIgniter\Debug\Exceptions->errorHandler(8, 'Undefined variable: bread', 'C:\\laragon\\www\\DTRAK-CHD\\app\\Views\\layouts\\base.php', 345, [...])
 2 SYSTEMPATH\View\View.php(213): include('C:\\laragon\\www\\DTRAK-CHD\\app\\Views\\layouts\\base.php')
 3 SYSTEMPATH\View\View.php(216): CodeIgniter\View\View->CodeIgniter\View\{closure}()
 4 SYSTEMPATH\View\View.php(229): CodeIgniter\View\View->render('layouts/base', [], true)
 5 SYSTEMPATH\Common.php(1184): CodeIgniter\View\View->render('document-action', [], true)
 6 APPPATH\Controllers\IncomingAction.php(43): view('document-action', [...])
 7 SYSTEMPATH\CodeIgniter.php(934): App\Controllers\IncomingAction->index()
 8 SYSTEMPATH\CodeIgniter.php(499): CodeIgniter\CodeIgniter->runController(Object(App\Controllers\IncomingAction))
 9 SYSTEMPATH\CodeIgniter.php(368): CodeIgniter\CodeIgniter->handleRequest(null, Object(Config\Cache), false)
10 FCPATH\index.php(68): CodeIgniter\CodeIgniter->run()
INFO - 2024-12-16 14:24:43 --> Session: Class initialized using 'CodeIgniter\Session\Handlers\FileHandler' driver.
INFO - 2024-12-16 14:24:43 --> Session: Class initialized using 'CodeIgniter\Session\Handlers\FileHandler' driver.
INFO - 2024-12-16 14:24:43 --> Session: Class initialized using 'CodeIgniter\Session\Handlers\FileHandler' driver.
INFO - 2024-12-16 14:31:56 --> Session: Class initialized using 'CodeIgniter\Session\Handlers\FileHandler' driver.
INFO - 2024-12-16 14:31:57 --> Session: Class initialized using 'CodeIgniter\Session\Handlers\FileHandler' driver.
INFO - 2024-12-16 14:31:57 --> Session: Class initialized using 'CodeIgniter\Session\Handlers\FileHandler' driver.
INFO - 2024-12-16 14:31:59 --> Session: Class initialized using 'CodeIgniter\Session\Handlers\FileHandler' driver.
INFO - 2024-12-16 14:31:59 --> Session: Class initialized using 'CodeIgniter\Session\Handlers\FileHandler' driver.
INFO - 2024-12-16 14:31:59 --> Session: Class initialized using 'CodeIgniter\Session\Handlers\FileHandler' driver.
INFO - 2024-12-16 14:33:51 --> Session: Class initialized using 'CodeIgniter\Session\Handlers\FileHandler' driver.
INFO - 2024-12-16 14:33:52 --> Session: Class initialized using 'CodeIgniter\Session\Handlers\FileHandler' driver.
INFO - 2024-12-16 14:33:52 --> Session: Class initialized using 'CodeIgniter\Session\Handlers\FileHandler' driver.
INFO - 2024-12-16 14:34:27 --> Session: Class initialized using 'CodeIgniter\Session\Handlers\FileHandler' driver.
INFO - 2024-12-16 14:34:27 --> Session: Class initialized using 'CodeIgniter\Session\Handlers\FileHandler' driver.
INFO - 2024-12-16 14:34:27 --> Session: Class initialized using 'CodeIgniter\Session\Handlers\FileHandler' driver.
INFO - 2024-12-16 14:35:02 --> Session: Class initialized using 'CodeIgniter\Session\Handlers\FileHandler' driver.
INFO - 2024-12-16 14:35:02 --> Session: Class initialized using 'CodeIgniter\Session\Handlers\FileHandler' driver.
INFO - 2024-12-16 14:35:02 --> Session: Class initialized using 'CodeIgniter\Session\Handlers\FileHandler' driver.
INFO - 2024-12-16 14:35:04 --> Session: Class initialized using 'CodeIgniter\Session\Handlers\FileHandler' driver.
INFO - 2024-12-16 14:35:04 --> Session: Class initialized using 'CodeIgniter\Session\Handlers\FileHandler' driver.
INFO - 2024-12-16 14:35:04 --> Session: Class initialized using 'CodeIgniter\Session\Handlers\FileHandler' driver.
INFO - 2024-12-16 14:35:24 --> Session: Class initialized using 'CodeIgniter\Session\Handlers\FileHandler' driver.
INFO - 2024-12-16 14:35:24 --> Session: Class initialized using 'CodeIgniter\Session\Handlers\FileHandler' driver.
INFO - 2024-12-16 14:35:25 --> Session: Class initialized using 'CodeIgniter\Session\Handlers\FileHandler' driver.
INFO - 2024-12-16 14:35:25 --> Session: Class initialized using 'CodeIgniter\Session\Handlers\FileHandler' driver.
INFO - 2024-12-16 14:38:16 --> Session: Class initialized using 'CodeIgniter\Session\Handlers\FileHandler' driver.
INFO - 2024-12-16 14:38:16 --> Session: Class initialized using 'CodeIgniter\Session\Handlers\FileHandler' driver.
INFO - 2024-12-16 14:38:16 --> Session: Class initialized using 'CodeIgniter\Session\Handlers\FileHandler' driver.
INFO - 2024-12-16 14:39:13 --> Session: Class initialized using 'CodeIgniter\Session\Handlers\FileHandler' driver.
INFO - 2024-12-16 14:39:13 --> Session: Class initialized using 'CodeIgniter\Session\Handlers\FileHandler' driver.
INFO - 2024-12-16 14:39:13 --> Session: Class initialized using 'CodeIgniter\Session\Handlers\FileHandler' driver.
INFO - 2024-12-16 14:39:16 --> Session: Class initialized using 'CodeIgniter\Session\Handlers\FileHandler' driver.
INFO - 2024-12-16 14:39:17 --> Session: Class initialized using 'CodeIgniter\Session\Handlers\FileHandler' driver.
INFO - 2024-12-16 14:39:17 --> Session: Class initialized using 'CodeIgniter\Session\Handlers\FileHandler' driver.
INFO - 2024-12-16 14:53:40 --> Session: Class initialized using 'CodeIgniter\Session\Handlers\FileHandler' driver.
INFO - 2024-12-16 14:53:40 --> Session: Class initialized using 'CodeIgniter\Session\Handlers\FileHandler' driver.
INFO - 2024-12-16 14:53:40 --> Session: Class initialized using 'CodeIgniter\Session\Handlers\FileHandler' driver.
INFO - 2024-12-16 14:54:21 --> Session: Class initialized using 'CodeIgniter\Session\Handlers\FileHandler' driver.
INFO - 2024-12-16 14:54:21 --> Session: Class initialized using 'CodeIgniter\Session\Handlers\FileHandler' driver.
INFO - 2024-12-16 14:54:22 --> Session: Class initialized using 'CodeIgniter\Session\Handlers\FileHandler' driver.
INFO - 2024-12-16 14:54:23 --> Session: Class initialized using 'CodeIgniter\Session\Handlers\FileHandler' driver.
INFO - 2024-12-16 14:54:24 --> Session: Class initialized using 'CodeIgniter\Session\Handlers\FileHandler' driver.
INFO - 2024-12-16 14:54:24 --> Session: Class initialized using 'CodeIgniter\Session\Handlers\FileHandler' driver.
INFO - 2024-12-16 14:54:33 --> Session: Class initialized using 'CodeIgniter\Session\Handlers\FileHandler' driver.
INFO - 2024-12-16 14:54:34 --> Session: Class initialized using 'CodeIgniter\Session\Handlers\FileHandler' driver.
INFO - 2024-12-16 14:54:34 --> Session: Class initialized using 'CodeIgniter\Session\Handlers\FileHandler' driver.
INFO - 2024-12-16 14:54:44 --> Session: Class initialized using 'CodeIgniter\Session\Handlers\FileHandler' driver.
INFO - 2024-12-16 14:54:44 --> Session: Class initialized using 'CodeIgniter\Session\Handlers\FileHandler' driver.
INFO - 2024-12-16 14:54:44 --> Session: Class initialized using 'CodeIgniter\Session\Handlers\FileHandler' driver.
INFO - 2024-12-16 14:55:49 --> Session: Class initialized using 'CodeIgniter\Session\Handlers\FileHandler' driver.
INFO - 2024-12-16 14:55:49 --> Session: Class initialized using 'CodeIgniter\Session\Handlers\FileHandler' driver.
INFO - 2024-12-16 14:55:49 --> Session: Class initialized using 'CodeIgniter\Session\Handlers\FileHandler' driver.
INFO - 2024-12-16 14:57:02 --> Session: Class initialized using 'CodeIgniter\Session\Handlers\FileHandler' driver.
INFO - 2024-12-16 14:57:03 --> Session: Class initialized using 'CodeIgniter\Session\Handlers\FileHandler' driver.
INFO - 2024-12-16 14:57:03 --> Session: Class initialized using 'CodeIgniter\Session\Handlers\FileHandler' driver.
INFO - 2024-12-16 15:02:42 --> Session: Class initialized using 'CodeIgniter\Session\Handlers\FileHandler' driver.
INFO - 2024-12-16 15:02:43 --> Session: Class initialized using 'CodeIgniter\Session\Handlers\FileHandler' driver.
INFO - 2024-12-16 15:02:43 --> Session: Class initialized using 'CodeIgniter\Session\Handlers\FileHandler' driver.
INFO - 2024-12-16 15:07:23 --> Session: Class initialized using 'CodeIgniter\Session\Handlers\FileHandler' driver.
INFO - 2024-12-16 15:07:24 --> Session: Class initialized using 'CodeIgniter\Session\Handlers\FileHandler' driver.
INFO - 2024-12-16 15:07:24 --> Session: Class initialized using 'CodeIgniter\Session\Handlers\FileHandler' driver.
INFO - 2024-12-16 15:07:53 --> Session: Class initialized using 'CodeIgniter\Session\Handlers\FileHandler' driver.
INFO - 2024-12-16 15:07:53 --> Session: Class initialized using 'CodeIgniter\Session\Handlers\FileHandler' driver.
INFO - 2024-12-16 15:07:53 --> Session: Class initialized using 'CodeIgniter\Session\Handlers\FileHandler' driver.
INFO - 2024-12-16 15:17:46 --> Session: Class initialized using 'CodeIgniter\Session\Handlers\FileHandler' driver.
INFO - 2024-12-16 15:17:47 --> Session: Class initialized using 'CodeIgniter\Session\Handlers\FileHandler' driver.
INFO - 2024-12-16 15:17:47 --> Session: Class initialized using 'CodeIgniter\Session\Handlers\FileHandler' driver.
INFO - 2024-12-16 15:18:02 --> Session: Class initialized using 'CodeIgniter\Session\Handlers\FileHandler' driver.
INFO - 2024-12-16 15:18:02 --> Session: Class initialized using 'CodeIgniter\Session\Handlers\FileHandler' driver.
INFO - 2024-12-16 15:18:02 --> Session: Class initialized using 'CodeIgniter\Session\Handlers\FileHandler' driver.
INFO - 2024-12-16 15:18:04 --> Session: Class initialized using 'CodeIgniter\Session\Handlers\FileHandler' driver.
INFO - 2024-12-16 15:18:04 --> Session: Class initialized using 'CodeIgniter\Session\Handlers\FileHandler' driver.
INFO - 2024-12-16 15:18:09 --> Session: Class initialized using 'CodeIgniter\Session\Handlers\FileHandler' driver.
INFO - 2024-12-16 15:18:09 --> Session: Class initialized using 'CodeIgniter\Session\Handlers\FileHandler' driver.
INFO - 2024-12-16 15:18:11 --> Session: Class initialized using 'CodeIgniter\Session\Handlers\FileHandler' driver.
ERROR - 2024-12-16 15:18:11 --> mysqli_sql_exception: Expression #9 of SELECT list is not in GROUP BY clause and contains nonaggregated column 'chdtrak_final.o.officename' which is not functionally dependent on columns in GROUP BY clause; this is incompatible with sql_mode=only_full_group_by in C:\laragon\www\DTRAK-CHD\vendor\codeigniter4\framework\system\Database\MySQLi\Connection.php:295
Stack trace:
#0 C:\laragon\www\DTRAK-CHD\vendor\codeigniter4\framework\system\Database\MySQLi\Connection.php(295): mysqli->query('SELECT `dd`.`do...', 0)
#1 C:\laragon\www\DTRAK-CHD\vendor\codeigniter4\framework\system\Database\BaseConnection.php(692): CodeIgniter\Database\MySQLi\Connection->execute('SELECT `dd`.`do...')
#2 C:\laragon\www\DTRAK-CHD\vendor\codeigniter4\framework\system\Database\BaseConnection.php(606): CodeIgniter\Database\BaseConnection->simpleQuery('SELECT `dd`.`do...')
#3 C:\laragon\www\DTRAK-CHD\vendor\codeigniter4\framework\system\Database\BaseBuilder.php(1616): CodeIgniter\Database\BaseConnection->query('SELECT `dd`.`do...', Array, false)
#4 C:\laragon\www\DTRAK-CHD\app\Models\IncomingModel.php(182): CodeIgniter\Database\BaseBuilder->get()
#5 C:\laragon\www\DTRAK-CHD\app\Controllers\IncomingReceiving.php(170): App\Models\IncomingModel->receiveData('2024-000204966', 'A')
#6 C:\laragon\www\DTRAK-CHD\vendor\codeigniter4\framework\system\CodeIgniter.php(934): App\Controllers\IncomingReceiving->getReceiveData()
#7 C:\laragon\www\DTRAK-CHD\vendor\codeigniter4\framework\system\CodeIgniter.php(499): CodeIgniter\CodeIgniter->runController(Object(App\Controllers\IncomingReceiving))
#8 C:\laragon\www\DTRAK-CHD\vendor\codeigniter4\framework\system\CodeIgniter.php(368): CodeIgniter\CodeIgniter->handleRequest(NULL, Object(Config\Cache), false)
#9 C:\laragon\www\DTRAK-CHD\index.php(68): CodeIgniter\CodeIgniter->run()
#10 {main}
CRITICAL - 2024-12-16 15:18:11 --> Expression #9 of SELECT list is not in GROUP BY clause and contains nonaggregated column 'chdtrak_final.o.officename' which is not functionally dependent on columns in GROUP BY clause; this is incompatible with sql_mode=only_full_group_by
in SYSTEMPATH\Database\MySQLi\Connection.php on line 295.
 1 SYSTEMPATH\Database\MySQLi\Connection.php(295): mysqli->query('SELECT `dd`.`doc_controlno` AS `dcon`, `dd`.`doc_detailno` AS `ddetail`, `dd`.`sequence_no` AS `seqno`, `dds`.`sequence_no` AS `prev_seqno`, `dds`.`office_destination`, `dr`.`route_no` AS `routeno`, `dr`.`subject`, GROUP_CONCAT(DISTINCT(dt.type_desc)) AS ddoctype, `o`.`officename` AS `origoffice`, `op`.`officename` AS `prevoffice`, `ao`.`firstname`, `ao`.`middlename`, `ao`.`lastname`, `dr`.`exofficecode`, `dr`.`exempname`, `dr`.`no_page` AS `pageno`, `dr`.`filename` AS `attachment`, `dr`.`userid`, `dr`.`remarks`, `ao`.`office_rep` AS `orep`, `ar`.`reqaction_desc` AS `actionreq`
FROM `docdetails` `dd`
LEFT JOIN `docregistry` `dr` ON `dd`.`route_no` = `dr`.`route_no`
LEFT JOIN `registry_doctype` `rdt` ON `dr`.`route_no` = `rdt`.`route_no`
LEFT JOIN `doc_type` `dt` ON `rdt`.`type_code` = `dt`.`type_code`
LEFT JOIN `office` `o` ON `dr`.`officecode` = `o`.`officecode`
LEFT JOIN `action_officer` `ao` ON `dr`.`empcode` = `ao`.`empcode`
LEFT JOIN `action_required` `ar` ON `dd`.`action_required` = `ar`.`reqaction_code`
LEFT JOIN `docdetails` `dds` ON `dd`.`doc_controlno` = `dds`.`doc_controlno` AND `dds`.`sequence_no` = (dd.sequence_no - 1)
LEFT JOIN `office` `op` ON `dds`.`office_destination` = `op`.`officecode`
WHERE `dd`.`doc_detailno` = \'2024-000204966\'
AND `dd`.`status` = \'A\'
GROUP BY `dd`.`doc_controlno`, `dd`.`doc_detailno`, `dd`.`sequence_no`, `dds`.`sequence_no`, `dds`.`office_destination`, `dr`.`route_no`, `dr`.`subject`, `o`.`shortname`, `op`.`shortname`, `ao`.`firstname`, `ao`.`middlename`, `ao`.`lastname`, `dr`.`exofficecode`, `dr`.`exempname`, `dr`.`no_page`, `dr`.`filename`, `dr`.`userid`, `dr`.`remarks`, `ao`.`office_rep`, `ar`.`reqaction_desc`', 0)
 2 SYSTEMPATH\Database\BaseConnection.php(692): CodeIgniter\Database\MySQLi\Connection->execute('SELECT `dd`.`doc_controlno` AS `dcon`, `dd`.`doc_detailno` AS `ddetail`, `dd`.`sequence_no` AS `seqno`, `dds`.`sequence_no` AS `prev_seqno`, `dds`.`office_destination`, `dr`.`route_no` AS `routeno`, `dr`.`subject`, GROUP_CONCAT(DISTINCT(dt.type_desc)) AS ddoctype, `o`.`officename` AS `origoffice`, `op`.`officename` AS `prevoffice`, `ao`.`firstname`, `ao`.`middlename`, `ao`.`lastname`, `dr`.`exofficecode`, `dr`.`exempname`, `dr`.`no_page` AS `pageno`, `dr`.`filename` AS `attachment`, `dr`.`userid`, `dr`.`remarks`, `ao`.`office_rep` AS `orep`, `ar`.`reqaction_desc` AS `actionreq`
FROM `docdetails` `dd`
LEFT JOIN `docregistry` `dr` ON `dd`.`route_no` = `dr`.`route_no`
LEFT JOIN `registry_doctype` `rdt` ON `dr`.`route_no` = `rdt`.`route_no`
LEFT JOIN `doc_type` `dt` ON `rdt`.`type_code` = `dt`.`type_code`
LEFT JOIN `office` `o` ON `dr`.`officecode` = `o`.`officecode`
LEFT JOIN `action_officer` `ao` ON `dr`.`empcode` = `ao`.`empcode`
LEFT JOIN `action_required` `ar` ON `dd`.`action_required` = `ar`.`reqaction_code`
LEFT JOIN `docdetails` `dds` ON `dd`.`doc_controlno` = `dds`.`doc_controlno` AND `dds`.`sequence_no` = (dd.sequence_no - 1)
LEFT JOIN `office` `op` ON `dds`.`office_destination` = `op`.`officecode`
WHERE `dd`.`doc_detailno` = \'2024-000204966\'
AND `dd`.`status` = \'A\'
GROUP BY `dd`.`doc_controlno`, `dd`.`doc_detailno`, `dd`.`sequence_no`, `dds`.`sequence_no`, `dds`.`office_destination`, `dr`.`route_no`, `dr`.`subject`, `o`.`shortname`, `op`.`shortname`, `ao`.`firstname`, `ao`.`middlename`, `ao`.`lastname`, `dr`.`exofficecode`, `dr`.`exempname`, `dr`.`no_page`, `dr`.`filename`, `dr`.`userid`, `dr`.`remarks`, `ao`.`office_rep`, `ar`.`reqaction_desc`')
 3 SYSTEMPATH\Database\BaseConnection.php(606): CodeIgniter\Database\BaseConnection->simpleQuery('SELECT `dd`.`doc_controlno` AS `dcon`, `dd`.`doc_detailno` AS `ddetail`, `dd`.`sequence_no` AS `seqno`, `dds`.`sequence_no` AS `prev_seqno`, `dds`.`office_destination`, `dr`.`route_no` AS `routeno`, `dr`.`subject`, GROUP_CONCAT(DISTINCT(dt.type_desc)) AS ddoctype, `o`.`officename` AS `origoffice`, `op`.`officename` AS `prevoffice`, `ao`.`firstname`, `ao`.`middlename`, `ao`.`lastname`, `dr`.`exofficecode`, `dr`.`exempname`, `dr`.`no_page` AS `pageno`, `dr`.`filename` AS `attachment`, `dr`.`userid`, `dr`.`remarks`, `ao`.`office_rep` AS `orep`, `ar`.`reqaction_desc` AS `actionreq`
FROM `docdetails` `dd`
LEFT JOIN `docregistry` `dr` ON `dd`.`route_no` = `dr`.`route_no`
LEFT JOIN `registry_doctype` `rdt` ON `dr`.`route_no` = `rdt`.`route_no`
LEFT JOIN `doc_type` `dt` ON `rdt`.`type_code` = `dt`.`type_code`
LEFT JOIN `office` `o` ON `dr`.`officecode` = `o`.`officecode`
LEFT JOIN `action_officer` `ao` ON `dr`.`empcode` = `ao`.`empcode`
LEFT JOIN `action_required` `ar` ON `dd`.`action_required` = `ar`.`reqaction_code`
LEFT JOIN `docdetails` `dds` ON `dd`.`doc_controlno` = `dds`.`doc_controlno` AND `dds`.`sequence_no` = (dd.sequence_no - 1)
LEFT JOIN `office` `op` ON `dds`.`office_destination` = `op`.`officecode`
WHERE `dd`.`doc_detailno` = \'2024-000204966\'
AND `dd`.`status` = \'A\'
GROUP BY `dd`.`doc_controlno`, `dd`.`doc_detailno`, `dd`.`sequence_no`, `dds`.`sequence_no`, `dds`.`office_destination`, `dr`.`route_no`, `dr`.`subject`, `o`.`shortname`, `op`.`shortname`, `ao`.`firstname`, `ao`.`middlename`, `ao`.`lastname`, `dr`.`exofficecode`, `dr`.`exempname`, `dr`.`no_page`, `dr`.`filename`, `dr`.`userid`, `dr`.`remarks`, `ao`.`office_rep`, `ar`.`reqaction_desc`')
 4 SYSTEMPATH\Database\BaseBuilder.php(1616): CodeIgniter\Database\BaseConnection->query('SELECT `dd`.`doc_controlno` AS `dcon`, `dd`.`doc_detailno` AS `ddetail`, `dd`.`sequence_no` AS `seqno`, `dds`.`sequence_no` AS `prev_seqno`, `dds`.`office_destination`, `dr`.`route_no` AS `routeno`, `dr`.`subject`, GROUP_CONCAT(DISTINCT(dt.type_desc)) AS ddoctype, `o`.`officename` AS `origoffice`, `op`.`officename` AS `prevoffice`, `ao`.`firstname`, `ao`.`middlename`, `ao`.`lastname`, `dr`.`exofficecode`, `dr`.`exempname`, `dr`.`no_page` AS `pageno`, `dr`.`filename` AS `attachment`, `dr`.`userid`, `dr`.`remarks`, `ao`.`office_rep` AS `orep`, `ar`.`reqaction_desc` AS `actionreq`
FROM `docdetails` `dd`
LEFT JOIN `docregistry` `dr` ON `dd`.`route_no` = `dr`.`route_no`
LEFT JOIN `registry_doctype` `rdt` ON `dr`.`route_no` = `rdt`.`route_no`
LEFT JOIN `doc_type` `dt` ON `rdt`.`type_code` = `dt`.`type_code`
LEFT JOIN `office` `o` ON `dr`.`officecode` = `o`.`officecode`
LEFT JOIN `action_officer` `ao` ON `dr`.`empcode` = `ao`.`empcode`
LEFT JOIN `action_required` `ar` ON `dd`.`action_required` = `ar`.`reqaction_code`
LEFT JOIN `docdetails` `dds` ON `dd`.`doc_controlno` = `dds`.`doc_controlno` AND `dds`.`sequence_no` = (dd.sequence_no - 1)
LEFT JOIN `office` `op` ON `dds`.`office_destination` = `op`.`officecode`
WHERE `dd`.`doc_detailno` = :dd.doc_detailno:
AND `dd`.`status` = :dd.status:
GROUP BY `dd`.`doc_controlno`, `dd`.`doc_detailno`, `dd`.`sequence_no`, `dds`.`sequence_no`, `dds`.`office_destination`, `dr`.`route_no`, `dr`.`subject`, `o`.`shortname`, `op`.`shortname`, `ao`.`firstname`, `ao`.`middlename`, `ao`.`lastname`, `dr`.`exofficecode`, `dr`.`exempname`, `dr`.`no_page`, `dr`.`filename`, `dr`.`userid`, `dr`.`remarks`, `ao`.`office_rep`, `ar`.`reqaction_desc`', [...], false)
 5 APPPATH\Models\IncomingModel.php(182): CodeIgniter\Database\BaseBuilder->get()
 6 APPPATH\Controllers\IncomingReceiving.php(170): App\Models\IncomingModel->receiveData('2024-000204966', 'A')
 7 SYSTEMPATH\CodeIgniter.php(934): App\Controllers\IncomingReceiving->getReceiveData()
 8 SYSTEMPATH\CodeIgniter.php(499): CodeIgniter\CodeIgniter->runController(Object(App\Controllers\IncomingReceiving))
 9 SYSTEMPATH\CodeIgniter.php(368): CodeIgniter\CodeIgniter->handleRequest(null, Object(Config\Cache), false)
10 FCPATH\index.php(68): CodeIgniter\CodeIgniter->run()
INFO - 2024-12-16 15:18:18 --> Session: Class initialized using 'CodeIgniter\Session\Handlers\FileHandler' driver.
INFO - 2024-12-16 15:18:18 --> Session: Class initialized using 'CodeIgniter\Session\Handlers\FileHandler' driver.
INFO - 2024-12-16 15:18:19 --> Session: Class initialized using 'CodeIgniter\Session\Handlers\FileHandler' driver.
INFO - 2024-12-16 15:18:19 --> Session: Class initialized using 'CodeIgniter\Session\Handlers\FileHandler' driver.
INFO - 2024-12-16 15:19:42 --> Session: Class initialized using 'CodeIgniter\Session\Handlers\FileHandler' driver.
ERROR - 2024-12-16 15:19:42 --> mysqli_sql_exception: Expression #9 of SELECT list is not in GROUP BY clause and contains nonaggregated column 'chdtrak_final.o.officename' which is not functionally dependent on columns in GROUP BY clause; this is incompatible with sql_mode=only_full_group_by in C:\laragon\www\DTRAK-CHD\vendor\codeigniter4\framework\system\Database\MySQLi\Connection.php:295
Stack trace:
#0 C:\laragon\www\DTRAK-CHD\vendor\codeigniter4\framework\system\Database\MySQLi\Connection.php(295): mysqli->query('SELECT `dd`.`do...', 0)
#1 C:\laragon\www\DTRAK-CHD\vendor\codeigniter4\framework\system\Database\BaseConnection.php(692): CodeIgniter\Database\MySQLi\Connection->execute('SELECT `dd`.`do...')
#2 C:\laragon\www\DTRAK-CHD\vendor\codeigniter4\framework\system\Database\BaseConnection.php(606): CodeIgniter\Database\BaseConnection->simpleQuery('SELECT `dd`.`do...')
#3 C:\laragon\www\DTRAK-CHD\vendor\codeigniter4\framework\system\Database\BaseBuilder.php(1616): CodeIgniter\Database\BaseConnection->query('SELECT `dd`.`do...', Array, false)
#4 C:\laragon\www\DTRAK-CHD\app\Models\IncomingModel.php(182): CodeIgniter\Database\BaseBuilder->get()
#5 C:\laragon\www\DTRAK-CHD\app\Controllers\IncomingReceiving.php(170): App\Models\IncomingModel->receiveData('2024-000204966', 'A')
#6 C:\laragon\www\DTRAK-CHD\vendor\codeigniter4\framework\system\CodeIgniter.php(934): App\Controllers\IncomingReceiving->getReceiveData()
#7 C:\laragon\www\DTRAK-CHD\vendor\codeigniter4\framework\system\CodeIgniter.php(499): CodeIgniter\CodeIgniter->runController(Object(App\Controllers\IncomingReceiving))
#8 C:\laragon\www\DTRAK-CHD\vendor\codeigniter4\framework\system\CodeIgniter.php(368): CodeIgniter\CodeIgniter->handleRequest(NULL, Object(Config\Cache), false)
#9 C:\laragon\www\DTRAK-CHD\index.php(68): CodeIgniter\CodeIgniter->run()
#10 {main}
CRITICAL - 2024-12-16 15:19:42 --> Expression #9 of SELECT list is not in GROUP BY clause and contains nonaggregated column 'chdtrak_final.o.officename' which is not functionally dependent on columns in GROUP BY clause; this is incompatible with sql_mode=only_full_group_by
in SYSTEMPATH\Database\MySQLi\Connection.php on line 295.
 1 SYSTEMPATH\Database\MySQLi\Connection.php(295): mysqli->query('SELECT `dd`.`doc_controlno` AS `dcon`, `dd`.`doc_detailno` AS `ddetail`, `dd`.`sequence_no` AS `seqno`, `dds`.`sequence_no` AS `prev_seqno`, `dds`.`office_destination`, `dr`.`route_no` AS `routeno`, `dr`.`subject`, GROUP_CONCAT(DISTINCT(dt.type_desc)) AS ddoctype, `o`.`officename` AS `origoffice`, `op`.`officename` AS `prevoffice`, `ao`.`firstname`, `ao`.`middlename`, `ao`.`lastname`, `dr`.`exofficecode`, `dr`.`exempname`, `dr`.`no_page` AS `pageno`, `dr`.`filename` AS `attachment`, `dr`.`userid`, `dr`.`remarks`, `ao`.`office_rep` AS `orep`, `ar`.`reqaction_desc` AS `actionreq`
FROM `docdetails` `dd`
LEFT JOIN `docregistry` `dr` ON `dd`.`route_no` = `dr`.`route_no`
LEFT JOIN `registry_doctype` `rdt` ON `dr`.`route_no` = `rdt`.`route_no`
LEFT JOIN `doc_type` `dt` ON `rdt`.`type_code` = `dt`.`type_code`
LEFT JOIN `office` `o` ON `dr`.`officecode` = `o`.`officecode`
LEFT JOIN `action_officer` `ao` ON `dr`.`empcode` = `ao`.`empcode`
LEFT JOIN `action_required` `ar` ON `dd`.`action_required` = `ar`.`reqaction_code`
LEFT JOIN `docdetails` `dds` ON `dd`.`doc_controlno` = `dds`.`doc_controlno` AND `dds`.`sequence_no` = (dd.sequence_no - 1)
LEFT JOIN `office` `op` ON `dds`.`office_destination` = `op`.`officecode`
WHERE `dd`.`doc_detailno` = \'2024-000204966\'
AND `dd`.`status` = \'A\'
GROUP BY `dd`.`doc_controlno`, `dd`.`doc_detailno`, `dd`.`sequence_no`, `dds`.`sequence_no`, `dds`.`office_destination`, `dr`.`route_no`, `dr`.`subject`, `o`.`shortname`, `op`.`shortname`, `ao`.`firstname`, `ao`.`middlename`, `ao`.`lastname`, `dr`.`exofficecode`, `dr`.`exempname`, `dr`.`no_page`, `dr`.`filename`, `dr`.`userid`, `dr`.`remarks`, `ao`.`office_rep`, `ar`.`reqaction_desc`', 0)
 2 SYSTEMPATH\Database\BaseConnection.php(692): CodeIgniter\Database\MySQLi\Connection->execute('SELECT `dd`.`doc_controlno` AS `dcon`, `dd`.`doc_detailno` AS `ddetail`, `dd`.`sequence_no` AS `seqno`, `dds`.`sequence_no` AS `prev_seqno`, `dds`.`office_destination`, `dr`.`route_no` AS `routeno`, `dr`.`subject`, GROUP_CONCAT(DISTINCT(dt.type_desc)) AS ddoctype, `o`.`officename` AS `origoffice`, `op`.`officename` AS `prevoffice`, `ao`.`firstname`, `ao`.`middlename`, `ao`.`lastname`, `dr`.`exofficecode`, `dr`.`exempname`, `dr`.`no_page` AS `pageno`, `dr`.`filename` AS `attachment`, `dr`.`userid`, `dr`.`remarks`, `ao`.`office_rep` AS `orep`, `ar`.`reqaction_desc` AS `actionreq`
FROM `docdetails` `dd`
LEFT JOIN `docregistry` `dr` ON `dd`.`route_no` = `dr`.`route_no`
LEFT JOIN `registry_doctype` `rdt` ON `dr`.`route_no` = `rdt`.`route_no`
LEFT JOIN `doc_type` `dt` ON `rdt`.`type_code` = `dt`.`type_code`
LEFT JOIN `office` `o` ON `dr`.`officecode` = `o`.`officecode`
LEFT JOIN `action_officer` `ao` ON `dr`.`empcode` = `ao`.`empcode`
LEFT JOIN `action_required` `ar` ON `dd`.`action_required` = `ar`.`reqaction_code`
LEFT JOIN `docdetails` `dds` ON `dd`.`doc_controlno` = `dds`.`doc_controlno` AND `dds`.`sequence_no` = (dd.sequence_no - 1)
LEFT JOIN `office` `op` ON `dds`.`office_destination` = `op`.`officecode`
WHERE `dd`.`doc_detailno` = \'2024-000204966\'
AND `dd`.`status` = \'A\'
GROUP BY `dd`.`doc_controlno`, `dd`.`doc_detailno`, `dd`.`sequence_no`, `dds`.`sequence_no`, `dds`.`office_destination`, `dr`.`route_no`, `dr`.`subject`, `o`.`shortname`, `op`.`shortname`, `ao`.`firstname`, `ao`.`middlename`, `ao`.`lastname`, `dr`.`exofficecode`, `dr`.`exempname`, `dr`.`no_page`, `dr`.`filename`, `dr`.`userid`, `dr`.`remarks`, `ao`.`office_rep`, `ar`.`reqaction_desc`')
 3 SYSTEMPATH\Database\BaseConnection.php(606): CodeIgniter\Database\BaseConnection->simpleQuery('SELECT `dd`.`doc_controlno` AS `dcon`, `dd`.`doc_detailno` AS `ddetail`, `dd`.`sequence_no` AS `seqno`, `dds`.`sequence_no` AS `prev_seqno`, `dds`.`office_destination`, `dr`.`route_no` AS `routeno`, `dr`.`subject`, GROUP_CONCAT(DISTINCT(dt.type_desc)) AS ddoctype, `o`.`officename` AS `origoffice`, `op`.`officename` AS `prevoffice`, `ao`.`firstname`, `ao`.`middlename`, `ao`.`lastname`, `dr`.`exofficecode`, `dr`.`exempname`, `dr`.`no_page` AS `pageno`, `dr`.`filename` AS `attachment`, `dr`.`userid`, `dr`.`remarks`, `ao`.`office_rep` AS `orep`, `ar`.`reqaction_desc` AS `actionreq`
FROM `docdetails` `dd`
LEFT JOIN `docregistry` `dr` ON `dd`.`route_no` = `dr`.`route_no`
LEFT JOIN `registry_doctype` `rdt` ON `dr`.`route_no` = `rdt`.`route_no`
LEFT JOIN `doc_type` `dt` ON `rdt`.`type_code` = `dt`.`type_code`
LEFT JOIN `office` `o` ON `dr`.`officecode` = `o`.`officecode`
LEFT JOIN `action_officer` `ao` ON `dr`.`empcode` = `ao`.`empcode`
LEFT JOIN `action_required` `ar` ON `dd`.`action_required` = `ar`.`reqaction_code`
LEFT JOIN `docdetails` `dds` ON `dd`.`doc_controlno` = `dds`.`doc_controlno` AND `dds`.`sequence_no` = (dd.sequence_no - 1)
LEFT JOIN `office` `op` ON `dds`.`office_destination` = `op`.`officecode`
WHERE `dd`.`doc_detailno` = \'2024-000204966\'
AND `dd`.`status` = \'A\'
GROUP BY `dd`.`doc_controlno`, `dd`.`doc_detailno`, `dd`.`sequence_no`, `dds`.`sequence_no`, `dds`.`office_destination`, `dr`.`route_no`, `dr`.`subject`, `o`.`shortname`, `op`.`shortname`, `ao`.`firstname`, `ao`.`middlename`, `ao`.`lastname`, `dr`.`exofficecode`, `dr`.`exempname`, `dr`.`no_page`, `dr`.`filename`, `dr`.`userid`, `dr`.`remarks`, `ao`.`office_rep`, `ar`.`reqaction_desc`')
 4 SYSTEMPATH\Database\BaseBuilder.php(1616): CodeIgniter\Database\BaseConnection->query('SELECT `dd`.`doc_controlno` AS `dcon`, `dd`.`doc_detailno` AS `ddetail`, `dd`.`sequence_no` AS `seqno`, `dds`.`sequence_no` AS `prev_seqno`, `dds`.`office_destination`, `dr`.`route_no` AS `routeno`, `dr`.`subject`, GROUP_CONCAT(DISTINCT(dt.type_desc)) AS ddoctype, `o`.`officename` AS `origoffice`, `op`.`officename` AS `prevoffice`, `ao`.`firstname`, `ao`.`middlename`, `ao`.`lastname`, `dr`.`exofficecode`, `dr`.`exempname`, `dr`.`no_page` AS `pageno`, `dr`.`filename` AS `attachment`, `dr`.`userid`, `dr`.`remarks`, `ao`.`office_rep` AS `orep`, `ar`.`reqaction_desc` AS `actionreq`
FROM `docdetails` `dd`
LEFT JOIN `docregistry` `dr` ON `dd`.`route_no` = `dr`.`route_no`
LEFT JOIN `registry_doctype` `rdt` ON `dr`.`route_no` = `rdt`.`route_no`
LEFT JOIN `doc_type` `dt` ON `rdt`.`type_code` = `dt`.`type_code`
LEFT JOIN `office` `o` ON `dr`.`officecode` = `o`.`officecode`
LEFT JOIN `action_officer` `ao` ON `dr`.`empcode` = `ao`.`empcode`
LEFT JOIN `action_required` `ar` ON `dd`.`action_required` = `ar`.`reqaction_code`
LEFT JOIN `docdetails` `dds` ON `dd`.`doc_controlno` = `dds`.`doc_controlno` AND `dds`.`sequence_no` = (dd.sequence_no - 1)
LEFT JOIN `office` `op` ON `dds`.`office_destination` = `op`.`officecode`
WHERE `dd`.`doc_detailno` = :dd.doc_detailno:
AND `dd`.`status` = :dd.status:
GROUP BY `dd`.`doc_controlno`, `dd`.`doc_detailno`, `dd`.`sequence_no`, `dds`.`sequence_no`, `dds`.`office_destination`, `dr`.`route_no`, `dr`.`subject`, `o`.`shortname`, `op`.`shortname`, `ao`.`firstname`, `ao`.`middlename`, `ao`.`lastname`, `dr`.`exofficecode`, `dr`.`exempname`, `dr`.`no_page`, `dr`.`filename`, `dr`.`userid`, `dr`.`remarks`, `ao`.`office_rep`, `ar`.`reqaction_desc`', [...], false)
 5 APPPATH\Models\IncomingModel.php(182): CodeIgniter\Database\BaseBuilder->get()
 6 APPPATH\Controllers\IncomingReceiving.php(170): App\Models\IncomingModel->receiveData('2024-000204966', 'A')
 7 SYSTEMPATH\CodeIgniter.php(934): App\Controllers\IncomingReceiving->getReceiveData()
 8 SYSTEMPATH\CodeIgniter.php(499): CodeIgniter\CodeIgniter->runController(Object(App\Controllers\IncomingReceiving))
 9 SYSTEMPATH\CodeIgniter.php(368): CodeIgniter\CodeIgniter->handleRequest(null, Object(Config\Cache), false)
10 FCPATH\index.php(68): CodeIgniter\CodeIgniter->run()
INFO - 2024-12-16 15:21:34 --> Session: Class initialized using 'CodeIgniter\Session\Handlers\FileHandler' driver.
INFO - 2024-12-16 15:21:35 --> Session: Class initialized using 'CodeIgniter\Session\Handlers\FileHandler' driver.
INFO - 2024-12-16 15:21:35 --> Session: Class initialized using 'CodeIgniter\Session\Handlers\FileHandler' driver.
INFO - 2024-12-16 15:21:38 --> Session: Class initialized using 'CodeIgniter\Session\Handlers\FileHandler' driver.
INFO - 2024-12-16 15:21:48 --> Session: Class initialized using 'CodeIgniter\Session\Handlers\FileHandler' driver.
INFO - 2024-12-16 15:21:49 --> Session: Class initialized using 'CodeIgniter\Session\Handlers\FileHandler' driver.
INFO - 2024-12-16 15:21:49 --> Session: Class initialized using 'CodeIgniter\Session\Handlers\FileHandler' driver.
INFO - 2024-12-16 15:21:56 --> Session: Class initialized using 'CodeIgniter\Session\Handlers\FileHandler' driver.
INFO - 2024-12-16 15:22:03 --> Session: Class initialized using 'CodeIgniter\Session\Handlers\FileHandler' driver.
INFO - 2024-12-16 15:22:05 --> Session: Class initialized using 'CodeIgniter\Session\Handlers\FileHandler' driver.
INFO - 2024-12-16 15:22:05 --> Session: Class initialized using 'CodeIgniter\Session\Handlers\FileHandler' driver.
INFO - 2024-12-16 15:22:54 --> Session: Class initialized using 'CodeIgniter\Session\Handlers\FileHandler' driver.
INFO - 2024-12-16 15:22:54 --> Session: Class initialized using 'CodeIgniter\Session\Handlers\FileHandler' driver.
INFO - 2024-12-16 15:26:42 --> Session: Class initialized using 'CodeIgniter\Session\Handlers\FileHandler' driver.
INFO - 2024-12-16 15:26:42 --> Session: Class initialized using 'CodeIgniter\Session\Handlers\FileHandler' driver.
INFO - 2024-12-16 15:26:42 --> Session: Class initialized using 'CodeIgniter\Session\Handlers\FileHandler' driver.
INFO - 2024-12-16 15:29:26 --> Session: Class initialized using 'CodeIgniter\Session\Handlers\FileHandler' driver.
INFO - 2024-12-16 15:29:27 --> Session: Class initialized using 'CodeIgniter\Session\Handlers\FileHandler' driver.
INFO - 2024-12-16 15:29:27 --> Session: Class initialized using 'CodeIgniter\Session\Handlers\FileHandler' driver.
INFO - 2024-12-16 15:29:46 --> Session: Class initialized using 'CodeIgniter\Session\Handlers\FileHandler' driver.
INFO - 2024-12-16 15:29:46 --> Session: Class initialized using 'CodeIgniter\Session\Handlers\FileHandler' driver.
INFO - 2024-12-16 15:29:46 --> Session: Class initialized using 'CodeIgniter\Session\Handlers\FileHandler' driver.
INFO - 2024-12-16 15:35:26 --> Session: Class initialized using 'CodeIgniter\Session\Handlers\FileHandler' driver.
INFO - 2024-12-16 15:35:27 --> Session: Class initialized using 'CodeIgniter\Session\Handlers\FileHandler' driver.
INFO - 2024-12-16 15:35:27 --> Session: Class initialized using 'CodeIgniter\Session\Handlers\FileHandler' driver.
INFO - 2024-12-16 15:35:50 --> Session: Class initialized using 'CodeIgniter\Session\Handlers\FileHandler' driver.
INFO - 2024-12-16 15:35:50 --> Session: Class initialized using 'CodeIgniter\Session\Handlers\FileHandler' driver.
INFO - 2024-12-16 15:35:50 --> Session: Class initialized using 'CodeIgniter\Session\Handlers\FileHandler' driver.
INFO - 2024-12-16 15:40:40 --> Session: Class initialized using 'CodeIgniter\Session\Handlers\FileHandler' driver.
INFO - 2024-12-16 15:40:40 --> Session: Class initialized using 'CodeIgniter\Session\Handlers\FileHandler' driver.
INFO - 2024-12-16 15:40:54 --> Session: Class initialized using 'CodeIgniter\Session\Handlers\FileHandler' driver.
INFO - 2024-12-16 15:40:54 --> Session: Class initialized using 'CodeIgniter\Session\Handlers\FileHandler' driver.
INFO - 2024-12-16 15:40:55 --> Session: Class initialized using 'CodeIgniter\Session\Handlers\FileHandler' driver.
INFO - 2024-12-16 15:40:55 --> Session: Class initialized using 'CodeIgniter\Session\Handlers\FileHandler' driver.
INFO - 2024-12-16 15:40:55 --> Session: Class initialized using 'CodeIgniter\Session\Handlers\FileHandler' driver.
INFO - 2024-12-16 15:41:11 --> Session: Class initialized using 'CodeIgniter\Session\Handlers\FileHandler' driver.
INFO - 2024-12-16 15:41:12 --> Session: Class initialized using 'CodeIgniter\Session\Handlers\FileHandler' driver.
INFO - 2024-12-16 15:41:12 --> Session: Class initialized using 'CodeIgniter\Session\Handlers\FileHandler' driver.
INFO - 2024-12-16 15:41:34 --> Session: Class initialized using 'CodeIgniter\Session\Handlers\FileHandler' driver.
INFO - 2024-12-16 15:41:35 --> Session: Class initialized using 'CodeIgniter\Session\Handlers\FileHandler' driver.
INFO - 2024-12-16 15:41:35 --> Session: Class initialized using 'CodeIgniter\Session\Handlers\FileHandler' driver.
INFO - 2024-12-16 15:41:48 --> Session: Class initialized using 'CodeIgniter\Session\Handlers\FileHandler' driver.
INFO - 2024-12-16 15:41:49 --> Session: Class initialized using 'CodeIgniter\Session\Handlers\FileHandler' driver.
INFO - 2024-12-16 15:41:49 --> Session: Class initialized using 'CodeIgniter\Session\Handlers\FileHandler' driver.
INFO - 2024-12-16 15:43:08 --> Session: Class initialized using 'CodeIgniter\Session\Handlers\FileHandler' driver.
INFO - 2024-12-16 15:43:08 --> Session: Class initialized using 'CodeIgniter\Session\Handlers\FileHandler' driver.
INFO - 2024-12-16 15:43:09 --> Session: Class initialized using 'CodeIgniter\Session\Handlers\FileHandler' driver.
INFO - 2024-12-16 15:43:24 --> Session: Class initialized using 'CodeIgniter\Session\Handlers\FileHandler' driver.
INFO - 2024-12-16 15:43:25 --> Session: Class initialized using 'CodeIgniter\Session\Handlers\FileHandler' driver.
INFO - 2024-12-16 15:43:25 --> Session: Class initialized using 'CodeIgniter\Session\Handlers\FileHandler' driver.
INFO - 2024-12-16 15:43:39 --> Session: Class initialized using 'CodeIgniter\Session\Handlers\FileHandler' driver.
INFO - 2024-12-16 15:43:40 --> Session: Class initialized using 'CodeIgniter\Session\Handlers\FileHandler' driver.
INFO - 2024-12-16 15:43:40 --> Session: Class initialized using 'CodeIgniter\Session\Handlers\FileHandler' driver.
INFO - 2024-12-16 15:44:06 --> Session: Class initialized using 'CodeIgniter\Session\Handlers\FileHandler' driver.
INFO - 2024-12-16 15:44:07 --> Session: Class initialized using 'CodeIgniter\Session\Handlers\FileHandler' driver.
INFO - 2024-12-16 15:44:07 --> Session: Class initialized using 'CodeIgniter\Session\Handlers\FileHandler' driver.
INFO - 2024-12-16 15:46:15 --> Session: Class initialized using 'CodeIgniter\Session\Handlers\FileHandler' driver.
INFO - 2024-12-16 15:46:15 --> Session: Class initialized using 'CodeIgniter\Session\Handlers\FileHandler' driver.
INFO - 2024-12-16 15:46:19 --> Session: Class initialized using 'CodeIgniter\Session\Handlers\FileHandler' driver.
INFO - 2024-12-16 15:46:19 --> Session: Class initialized using 'CodeIgniter\Session\Handlers\FileHandler' driver.
INFO - 2024-12-16 15:46:26 --> Session: Class initialized using 'CodeIgniter\Session\Handlers\FileHandler' driver.
INFO - 2024-12-16 15:46:26 --> Session: Class initialized using 'CodeIgniter\Session\Handlers\FileHandler' driver.
INFO - 2024-12-16 15:46:26 --> Session: Class initialized using 'CodeIgniter\Session\Handlers\FileHandler' driver.
INFO - 2024-12-16 15:47:00 --> Session: Class initialized using 'CodeIgniter\Session\Handlers\FileHandler' driver.
INFO - 2024-12-16 15:47:01 --> Session: Class initialized using 'CodeIgniter\Session\Handlers\FileHandler' driver.
INFO - 2024-12-16 15:47:02 --> Session: Class initialized using 'CodeIgniter\Session\Handlers\FileHandler' driver.
INFO - 2024-12-16 15:47:02 --> Session: Class initialized using 'CodeIgniter\Session\Handlers\FileHandler' driver.
INFO - 2024-12-16 15:47:10 --> Session: Class initialized using 'CodeIgniter\Session\Handlers\FileHandler' driver.
INFO - 2024-12-16 15:47:10 --> Session: Class initialized using 'CodeIgniter\Session\Handlers\FileHandler' driver.
INFO - 2024-12-16 15:47:11 --> Session: Class initialized using 'CodeIgniter\Session\Handlers\FileHandler' driver.
INFO - 2024-12-16 15:47:11 --> Session: Class initialized using 'CodeIgniter\Session\Handlers\FileHandler' driver.
INFO - 2024-12-16 15:47:11 --> Session: Class initialized using 'CodeIgniter\Session\Handlers\FileHandler' driver.
INFO - 2024-12-16 15:47:11 --> Session: Class initialized using 'CodeIgniter\Session\Handlers\FileHandler' driver.
INFO - 2024-12-16 15:47:11 --> Session: Class initialized using 'CodeIgniter\Session\Handlers\FileHandler' driver.
INFO - 2024-12-16 15:47:11 --> Session: Class initialized using 'CodeIgniter\Session\Handlers\FileHandler' driver.
INFO - 2024-12-16 15:53:42 --> Session: Class initialized using 'CodeIgniter\Session\Handlers\FileHandler' driver.
INFO - 2024-12-16 15:53:42 --> Session: Class initialized using 'CodeIgniter\Session\Handlers\FileHandler' driver.
INFO - 2024-12-16 15:53:42 --> Session: Class initialized using 'CodeIgniter\Session\Handlers\FileHandler' driver.
INFO - 2024-12-16 15:54:09 --> Session: Class initialized using 'CodeIgniter\Session\Handlers\FileHandler' driver.
INFO - 2024-12-16 15:54:10 --> Session: Class initialized using 'CodeIgniter\Session\Handlers\FileHandler' driver.
INFO - 2024-12-16 15:54:10 --> Session: Class initialized using 'CodeIgniter\Session\Handlers\FileHandler' driver.
CRITICAL - 2024-12-16 16:58:51 --> Allowed memory size of 536870912 bytes exhausted (tried to allocate 8192 bytes)
in APPPATH\Models\DocumentDetailModel.php on line 33.
 1 [internal function]: CodeIgniter\Debug\Exceptions->shutdownHandler()
CRITICAL - 2024-12-16 16:58:58 --> Allowed memory size of 536870912 bytes exhausted (tried to allocate 8192 bytes)
in APPPATH\Models\DocumentDetailModel.php on line 33.
 1 [internal function]: CodeIgniter\Debug\Exceptions->shutdownHandler()
CRITICAL - 2024-12-16 16:59:24 --> Allowed memory size of 536870912 bytes exhausted (tried to allocate 8192 bytes)
in APPPATH\Models\DocumentDetailModel.php on line 33.
 1 [internal function]: CodeIgniter\Debug\Exceptions->shutdownHandler()
INFO - 2024-12-16 17:00:16 --> Session: Class initialized using 'CodeIgniter\Session\Handlers\FileHandler' driver.
INFO - 2024-12-16 17:00:17 --> Session: Class initialized using 'CodeIgniter\Session\Handlers\FileHandler' driver.
INFO - 2024-12-16 17:00:17 --> Session: Class initialized using 'CodeIgniter\Session\Handlers\FileHandler' driver.
INFO - 2024-12-16 17:00:22 --> Session: Class initialized using 'CodeIgniter\Session\Handlers\FileHandler' driver.
